[2025-09-27 12:03:15,576] [323464] [INFO] - run_app.produe_open_question_ans (run_app.py:43) - input req:
[2025-09-27 12:03:15,576] [323464] [INFO] - run_app.produe_open_question_ans (run_app.py:46) - begin call model
[2025-09-27 12:05:32,220] [323464] [INFO] - run_app.produe_open_question_ans (run_app.py:43) - input req:
[2025-09-27 12:05:32,220] [323464] [INFO] - run_app.produe_open_question_ans (run_app.py:46) - begin call model
[2025-09-27 12:07:06,073] [323464] [INFO] - run_app.produe_open_question_ans (run_app.py:43) - input req:
[2025-09-27 12:07:06,074] [323464] [INFO] - run_app.produe_open_question_ans (run_app.py:46) - begin call model
[2025-09-27 12:08:17,822] [323464] [INFO] - run_app.produe_open_question_ans (run_app.py:43) - input req:
[2025-09-27 12:08:17,823] [323464] [INFO] - run_app.produe_open_question_ans (run_app.py:46) - begin call model
[2025-09-27 12:08:39,182] [323464] [INFO] - run_app.produe_open_question_ans (run_app.py:43) - input req:
[2025-09-27 12:08:39,183] [323464] [INFO] - run_app.produe_open_question_ans (run_app.py:46) - begin call model
[2025-09-27 12:08:58,357] [323464] [INFO] - run_app.produe_open_question_ans (run_app.py:43) - input req:
[2025-09-27 12:08:58,358] [323464] [INFO] - run_app.produe_open_question_ans (run_app.py:46) - begin call model
[2025-09-27 12:11:12,846] [323464] [INFO] - run_app.produe_open_question_ans (run_app.py:43) - input req:
[2025-09-27 12:11:12,846] [323464] [INFO] - run_app.produe_open_question_ans (run_app.py:46) - begin call model
[2025-09-27 12:13:10,470] [323464] [INFO] - run_app.produe_open_question_ans (run_app.py:43) - input req:
[2025-09-27 12:13:10,471] [323464] [INFO] - run_app.produe_open_question_ans (run_app.py:46) - begin call model
[2025-09-27 12:13:39,836] [323464] [INFO] - run_app.produe_open_question_ans (run_app.py:43) - input req:
[2025-09-27 12:13:39,836] [323464] [INFO] - run_app.produe_open_question_ans (run_app.py:46) - begin call model
[2025-09-27 12:14:14,257] [323464] [INFO] - run_app.produe_open_question_ans (run_app.py:43) - input req:
[2025-09-27 12:14:14,257] [323464] [INFO] - run_app.produe_open_question_ans (run_app.py:46) - begin call model
[2025-09-27 12:15:30,304] [323464] [INFO] - run_app.produe_open_question_ans (run_app.py:43) - input req:
[2025-09-27 12:15:30,305] [323464] [INFO] - run_app.produe_open_question_ans (run_app.py:46) - begin call model
[2025-09-27 12:15:54,507] [323464] [INFO] - run_app.produe_open_question_ans (run_app.py:43) - input req:
[2025-09-27 12:15:54,507] [323464] [INFO] - run_app.produe_open_question_ans (run_app.py:46) - begin call model
[2025-09-27 12:16:51,102] [323464] [INFO] - run_app.produe_open_question_ans (run_app.py:43) - input req:
[2025-09-27 12:16:51,103] [323464] [INFO] - run_app.produe_open_question_ans (run_app.py:46) - begin call model
[2025-09-27 12:17:21,161] [323464] [INFO] - run_app.produe_open_question_ans (run_app.py:43) - input req:
[2025-09-27 12:17:21,161] [323464] [INFO] - run_app.produe_open_question_ans (run_app.py:46) - begin call model
[2025-09-27 12:17:58,091] [323464] [INFO] - run_app.produe_open_question_ans (run_app.py:43) - input req:
[2025-09-27 12:17:58,092] [323464] [INFO] - run_app.produe_open_question_ans (run_app.py:46) - begin call model
[2025-09-27 12:18:38,441] [323464] [INFO] - run_app.produe_open_question_ans (run_app.py:43) - input req:
[2025-09-27 12:18:38,441] [323464] [INFO] - run_app.produe_open_question_ans (run_app.py:46) - begin call model
[2025-09-27 12:19:19,210] [323464] [INFO] - run_app.produe_open_question_ans (run_app.py:43) - input req:
[2025-09-27 12:19:19,210] [323464] [INFO] - run_app.produe_open_question_ans (run_app.py:46) - begin call model
[2025-09-27 12:19:28,428] [323464] [INFO] - run_app.produe_instant_profile (run_app.py:69) - instant_profile input req:{'student_info': {'name': '潘艺杰', 'gender': '男', 'school_type': '私立', 'current_grade': 'G7', 'city_location': '深圳市', 'college_goal_path': ['美国本科', '其他国际本科'], 'id': '3580ede7-9b56-11f0-86aa-0242ac120003'}, 'eval_result': [{'question_section_name': '体育爱好与坚持', 'question_type': 2, 'question': '孩子有长期坚持的体育运动吗？坚持了多久了？每星期投入的时间是多久？', 'answer': ['有坚持骑行，最长一天能骑15公里']}, {'question_section_name': '计算能力', 'question_type': 1, 'question': '孩子在做数学题时，计算是否准确？学过的知识是否能灵活应用到生活里？', 'answer': ['经常出错，生活应用有限']}, {'question_section_name': '自我管理能力', 'question_type': 1, 'question': '孩子在每天学习和专注方面情况如何？时间管理和专注力表现怎样？会有厌学和沉迷游戏/短视频的情况吗？', 'answer': ['缺乏计划，常拖延，易分心，游戏和短视频时间每天2小时以上']}, {'question_section_name': '兴趣倾向与动机', 'question_type': 2, 'question': '空闲时间孩子最喜欢做什么？原因是什么？', 'answer': ['平时喜欢做手工，在家自己做手工的时候很专注。能坚持做3-4个小时']}, {'question_section_name': '领导力与合作力', 'question_type': 2, 'question': '如果有一个机会，可以让孩子带领同学完成一件事，孩子会选择什么？会怎么做？', 'answer': ['带着同学一起做手工']}, {'question_section_name': '时间管理与偏好', 'question_type': 2, 'question': '孩子周六周日的时间都是如何安排的？可以从早到晚描述一下', 'answer': ['孩子周六上午运动，下午在家写作业，晚上看电视休息']}, {'question_section_name': '角色偏好与行为特征', 'question_type': 1, 'question': '在班级里，孩子更像：', 'answer': ['不太积极']}, {'question_section_name': '竞赛与活动偏好', 'question_type': 1, 'question': '如果有一场比赛，孩子更想：', 'answer': ['不参加']}, {'question_section_name': '问题解决与合作能力', 'question_type': 1, 'question': '孩子遇到问题时，更常见的做法是：', 'answer': ['问老师家长']}, {'question_section_name': '兴趣领域与探索动力', 'question_type': 1, 'question': '孩子对哪类内容更感兴趣？', 'answer': ['都不感兴趣']}, {'question_section_name': '记忆力', 'question_type': 1, 'question': '孩子在学习新知识后，通常能记住多久？记得牢不牢？', 'answer': ['很快就忘记，大多记不住']}, {'question_section_name': '兴趣偏好与校园参与', 'question_type': 1, 'question': '如果学校有社团活动，你更愿意参加以下哪些？（最多选3个）', 'answer': ['公益类（志愿服务、环保行动）']}, {'question_section_name': '体育训练与专业化发展', 'question_type': 1, 'question': '关于孩子的体育爱好情况，以下哪些符合？（可多选）', 'answer': ['有专业教练长期指导（每周 ≥2 次）']}, {'question_section_name': '艺术创作与投入度', 'question_type': 1, 'question': '关于孩子的艺术兴趣和坚持情况，以下哪些符合？', 'answer': ['完全自学，纯兴趣爱好']}, {'question_section_name': '艺术比赛与舞台经验', 'question_type': 1, 'question': '孩子是否经常参加艺术类展示或比赛？', 'answer': ['几乎没有']}, {'question_section_name': '表达与表现欲', 'question_type': 1, 'question': '孩子是否喜欢通过文学/艺术/表演等方式表达思想或情感？', 'answer': ['比较喜欢']}, {'question_section_name': '教育期待', 'question_type': 2, 'question': '爸爸妈妈对孩子的学习和成长有什么期待？孩子对未来有什么样的想法或期望？', 'answer': ['我希望他走正道，有书读']}, {'question_section_name': '亲子关系与陪伴', 'question_type': 2, 'question': '孩子和父母的关系怎么样？平时会不会经常陪伴、交流或一起活动？/会因为什么事情发生冲突？', 'answer': ['跟父母关系还可以，平时会经常陪伴，一起活动，会因为爸爸的事情发生冲突']}, {'question_section_name': '家庭期待', 'question_type': 2, 'question': '如果有魔法，可以改变孩子身上/父母身上的一个地方，你希望改变什么？', 'answer': ['希望艺杰听话一点']}, {'question_section_name': '家庭教育完整性', 'question_type': 1, 'question': '平时是谁主要陪伴孩子和参与孩子教育？', 'answer': ['妈妈']}, {'question_section_name': '英语能力', 'question_type': 1, 'question': '孩子在阅读英文材料时，通常能理解到什么程度？', 'answer': ['能读100–150词的小短文，抓到事实信息（如时间/地点/人物）。']}, {'question_section_name': '冲突处理与人际互动', 'question_type': 2, 'question': '请回忆孩子最近一次和同学/朋友发生不愉快的事情，描述一下经过。', 'answer': ['在学校跟同学玩蟑螂，被学校老师通报，他很失落']}, {'question_section_name': '成就动机&自我效能感', 'question_type': 1, 'question': '你觉得这件事让孩子有成就感，主要是因为：', 'answer': ['成功完成了一件困难的事']}, {'question_section_name': '情绪调节与压力反应', 'question_type': 1, 'question': '当孩子在考试、比赛或测评中表现不理想时，通常会怎么做？', 'answer': ['很难释怀，总担心下次失败']}, {'question_section_name': '学习态度&校内表现', 'question_type': 2, 'question': '学校老师是如何评价孩子的校内表现和学习态度的？孩子喜欢学校吗？喜欢的原因是什么？不满意的原因是什么？', 'answer': ['老师说，他在学校注意力不太集中']}, {'question_section_name': '学科兴趣&学术竞争力', 'question_type': 2, 'question': '孩子最喜欢的学科是哪一个？为什么喜欢？有参加过学科竞赛吗？是什么竞赛？有拿到奖项吗？', 'answer': ['喜欢语文，没拿过什么竞赛']}, {'question_section_name': '学科短板', 'question_type': 2, 'question': '孩子最不喜欢/最不擅长的学科是哪一个？为什么？', 'answer': ['最不擅长数学和理科，还有英语']}, {'question_section_name': '学科成绩与进步轨迹', 'question_type': 1, 'question': '孩子最近一次的学习成绩怎么样？（月考/期中/期末）', 'answer': ['有一半的学科在及格线附近']}, {'question_section_name': '学科成绩表现', 'question_type': 1, 'question': '孩子平时成绩在班里排名区段', 'answer': ['中下']}, {'question_section_name': '学习闭环与复盘习惯', 'question_type': 1, 'question': '孩子平时会主动预习和复习吗？', 'answer': ['需要家长/老师监督才会做']}, {'question_section_name': '自我认知与性格描述', 'question_type': 2, 'question': '如何描述孩子的性格？（三个优点/三个缺点）', 'answer': ['优点：自信 善于表达\n缺点：拖延 情绪化 ']}, {'question_section_name': '英语能力', 'question_type': 1, 'question': '孩子在日常英文交流中，一般能做到哪种程度？', 'answer': ['可在熟悉话题上简短交流（学校/兴趣），能问路、点餐。']}, {'question_section_name': '英语能力', 'question_type': 1, 'question': '孩子在英文写作和语法方面，通常能完成到什么水平？', 'answer': ['写5–7句连贯段落（现在/一般过去时），能写请假条、日记。']}, {'question_section_name': '英语能力', 'question_type': 1, 'question': '孩子是否参加过以下英语考试？请选择最近一次且成绩最高的一项。', 'answer': ['其他/未参加']}, {'question_section_name': '学习效率', 'question_type': 1, 'question': '孩子目前是否参加过学科补习班？主要情况是？', 'answer': ['有参加，但效果不明显/没有持续']}, {'question_section_name': '阅读能力', 'question_type': 1, 'question': '孩子平时会不会主动去读课外书？通常会选择哪些类型的书？', 'answer': ['基本不主动读书']}, {'question_section_name': '写作能力', 'question_type': 1, 'question': '用一句话来描述孩子的写作水平，更接近哪种？', 'answer': ['能写完整的记叙文/说明文，结构较清晰，有一定描写或观点。']}, {'question_section_name': '逻辑思维能力', 'question_type': 1, 'question': '孩子在玩推理游戏或遇到复杂问题时，会不会主动一步步分析并寻找解决办法？', 'answer': ['有兴趣，会分析一些']}, {'question_section_name': '表达与沟通能力', 'question_type': 1, 'question': '在课堂或和别人交流时，孩子会不会主动表达自己的看法？别人能不能听懂？', 'answer': ['偶尔会表达，部分人能听懂']}, {'question_section_name': '信息检索与整理能力', 'question_type': 1, 'question': '当遇到不懂的问题时，孩子会怎么找答案？找到后会不会整理学习资料？', 'answer': ['会用网络或 AI 工具查找，并简单整理']}]}
[2025-09-27 12:19:39,538] [323464] [INFO] - run_app.produe_instant_profile (run_app.py:69) - instant_profile input req:{'student_info': {'name': '潘艺杰', 'gender': '男', 'school_type': '私立', 'current_grade': 'G7', 'city_location': '深圳市', 'college_goal_path': ['美国本科', '其他国际本科'], 'id': '3580ede7-9b56-11f0-86aa-0242ac120003'}, 'eval_result': [{'question_section_name': '体育爱好与坚持', 'question_type': 2, 'question': '孩子有长期坚持的体育运动吗？坚持了多久了？每星期投入的时间是多久？', 'answer': ['有坚持骑行，最长一天能骑15公里']}, {'question_section_name': '计算能力', 'question_type': 1, 'question': '孩子在做数学题时，计算是否准确？学过的知识是否能灵活应用到生活里？', 'answer': ['经常出错，生活应用有限']}, {'question_section_name': '自我管理能力', 'question_type': 1, 'question': '孩子在每天学习和专注方面情况如何？时间管理和专注力表现怎样？会有厌学和沉迷游戏/短视频的情况吗？', 'answer': ['缺乏计划，常拖延，易分心，游戏和短视频时间每天2小时以上']}, {'question_section_name': '兴趣倾向与动机', 'question_type': 2, 'question': '空闲时间孩子最喜欢做什么？原因是什么？', 'answer': ['平时喜欢做手工，在家自己做手工的时候很专注。能坚持做3-4个小时']}, {'question_section_name': '领导力与合作力', 'question_type': 2, 'question': '如果有一个机会，可以让孩子带领同学完成一件事，孩子会选择什么？会怎么做？', 'answer': ['带着同学一起做手工']}, {'question_section_name': '时间管理与偏好', 'question_type': 2, 'question': '孩子周六周日的时间都是如何安排的？可以从早到晚描述一下', 'answer': ['孩子周六上午运动，下午在家写作业，晚上看电视休息']}, {'question_section_name': '角色偏好与行为特征', 'question_type': 1, 'question': '在班级里，孩子更像：', 'answer': ['不太积极']}, {'question_section_name': '竞赛与活动偏好', 'question_type': 1, 'question': '如果有一场比赛，孩子更想：', 'answer': ['不参加']}, {'question_section_name': '问题解决与合作能力', 'question_type': 1, 'question': '孩子遇到问题时，更常见的做法是：', 'answer': ['问老师家长']}, {'question_section_name': '兴趣领域与探索动力', 'question_type': 1, 'question': '孩子对哪类内容更感兴趣？', 'answer': ['都不感兴趣']}, {'question_section_name': '记忆力', 'question_type': 1, 'question': '孩子在学习新知识后，通常能记住多久？记得牢不牢？', 'answer': ['很快就忘记，大多记不住']}, {'question_section_name': '兴趣偏好与校园参与', 'question_type': 1, 'question': '如果学校有社团活动，你更愿意参加以下哪些？（最多选3个）', 'answer': ['公益类（志愿服务、环保行动）']}, {'question_section_name': '体育训练与专业化发展', 'question_type': 1, 'question': '关于孩子的体育爱好情况，以下哪些符合？（可多选）', 'answer': ['有专业教练长期指导（每周 ≥2 次）']}, {'question_section_name': '艺术创作与投入度', 'question_type': 1, 'question': '关于孩子的艺术兴趣和坚持情况，以下哪些符合？', 'answer': ['完全自学，纯兴趣爱好']}, {'question_section_name': '艺术比赛与舞台经验', 'question_type': 1, 'question': '孩子是否经常参加艺术类展示或比赛？', 'answer': ['几乎没有']}, {'question_section_name': '表达与表现欲', 'question_type': 1, 'question': '孩子是否喜欢通过文学/艺术/表演等方式表达思想或情感？', 'answer': ['比较喜欢']}, {'question_section_name': '教育期待', 'question_type': 2, 'question': '爸爸妈妈对孩子的学习和成长有什么期待？孩子对未来有什么样的想法或期望？', 'answer': ['我希望他走正道，有书读']}, {'question_section_name': '亲子关系与陪伴', 'question_type': 2, 'question': '孩子和父母的关系怎么样？平时会不会经常陪伴、交流或一起活动？/会因为什么事情发生冲突？', 'answer': ['跟父母关系还可以，平时会经常陪伴，一起活动，会因为爸爸的事情发生冲突']}, {'question_section_name': '家庭期待', 'question_type': 2, 'question': '如果有魔法，可以改变孩子身上/父母身上的一个地方，你希望改变什么？', 'answer': ['希望艺杰听话一点']}, {'question_section_name': '家庭教育完整性', 'question_type': 1, 'question': '平时是谁主要陪伴孩子和参与孩子教育？', 'answer': ['妈妈']}, {'question_section_name': '英语能力', 'question_type': 1, 'question': '孩子在阅读英文材料时，通常能理解到什么程度？', 'answer': ['能读100–150词的小短文，抓到事实信息（如时间/地点/人物）。']}, {'question_section_name': '冲突处理与人际互动', 'question_type': 2, 'question': '请回忆孩子最近一次和同学/朋友发生不愉快的事情，描述一下经过。', 'answer': ['在学校跟同学玩蟑螂，被学校老师通报，他很失落']}, {'question_section_name': '成就动机&自我效能感', 'question_type': 1, 'question': '你觉得这件事让孩子有成就感，主要是因为：', 'answer': ['成功完成了一件困难的事']}, {'question_section_name': '情绪调节与压力反应', 'question_type': 1, 'question': '当孩子在考试、比赛或测评中表现不理想时，通常会怎么做？', 'answer': ['很难释怀，总担心下次失败']}, {'question_section_name': '学习态度&校内表现', 'question_type': 2, 'question': '学校老师是如何评价孩子的校内表现和学习态度的？孩子喜欢学校吗？喜欢的原因是什么？不满意的原因是什么？', 'answer': ['老师说，他在学校注意力不太集中']}, {'question_section_name': '学科兴趣&学术竞争力', 'question_type': 2, 'question': '孩子最喜欢的学科是哪一个？为什么喜欢？有参加过学科竞赛吗？是什么竞赛？有拿到奖项吗？', 'answer': ['喜欢语文，没拿过什么竞赛']}, {'question_section_name': '学科短板', 'question_type': 2, 'question': '孩子最不喜欢/最不擅长的学科是哪一个？为什么？', 'answer': ['最不擅长数学和理科，还有英语']}, {'question_section_name': '学科成绩与进步轨迹', 'question_type': 1, 'question': '孩子最近一次的学习成绩怎么样？（月考/期中/期末）', 'answer': ['有一半的学科在及格线附近']}, {'question_section_name': '学科成绩表现', 'question_type': 1, 'question': '孩子平时成绩在班里排名区段', 'answer': ['中下']}, {'question_section_name': '学习闭环与复盘习惯', 'question_type': 1, 'question': '孩子平时会主动预习和复习吗？', 'answer': ['需要家长/老师监督才会做']}, {'question_section_name': '自我认知与性格描述', 'question_type': 2, 'question': '如何描述孩子的性格？（三个优点/三个缺点）', 'answer': ['优点：自信 善于表达\n缺点：拖延 情绪化 ']}, {'question_section_name': '英语能力', 'question_type': 1, 'question': '孩子在日常英文交流中，一般能做到哪种程度？', 'answer': ['可在熟悉话题上简短交流（学校/兴趣），能问路、点餐。']}, {'question_section_name': '英语能力', 'question_type': 1, 'question': '孩子在英文写作和语法方面，通常能完成到什么水平？', 'answer': ['写5–7句连贯段落（现在/一般过去时），能写请假条、日记。']}, {'question_section_name': '英语能力', 'question_type': 1, 'question': '孩子是否参加过以下英语考试？请选择最近一次且成绩最高的一项。', 'answer': ['其他/未参加']}, {'question_section_name': '学习效率', 'question_type': 1, 'question': '孩子目前是否参加过学科补习班？主要情况是？', 'answer': ['有参加，但效果不明显/没有持续']}, {'question_section_name': '阅读能力', 'question_type': 1, 'question': '孩子平时会不会主动去读课外书？通常会选择哪些类型的书？', 'answer': ['基本不主动读书']}, {'question_section_name': '写作能力', 'question_type': 1, 'question': '用一句话来描述孩子的写作水平，更接近哪种？', 'answer': ['能写完整的记叙文/说明文，结构较清晰，有一定描写或观点。']}, {'question_section_name': '逻辑思维能力', 'question_type': 1, 'question': '孩子在玩推理游戏或遇到复杂问题时，会不会主动一步步分析并寻找解决办法？', 'answer': ['有兴趣，会分析一些']}, {'question_section_name': '表达与沟通能力', 'question_type': 1, 'question': '在课堂或和别人交流时，孩子会不会主动表达自己的看法？别人能不能听懂？', 'answer': ['偶尔会表达，部分人能听懂']}, {'question_section_name': '信息检索与整理能力', 'question_type': 1, 'question': '当遇到不懂的问题时，孩子会怎么找答案？找到后会不会整理学习资料？', 'answer': ['会用网络或 AI 工具查找，并简单整理']}]}
[2025-09-27 12:43:25,810] [323464] [INFO] - run_app.produe_open_question_ans (run_app.py:43) - input req:
[2025-09-27 12:43:25,810] [323464] [INFO] - run_app.produe_open_question_ans (run_app.py:46) - begin call model
[2025-09-27 12:44:35,679] [323464] [INFO] - run_app.produe_open_question_ans (run_app.py:43) - input req:
[2025-09-27 12:44:35,679] [323464] [INFO] - run_app.produe_open_question_ans (run_app.py:46) - begin call model
[2025-09-27 12:45:52,569] [323464] [INFO] - run_app.produe_open_question_ans (run_app.py:43) - input req:
[2025-09-27 12:45:52,570] [323464] [INFO] - run_app.produe_open_question_ans (run_app.py:46) - begin call model
[2025-09-27 12:47:00,199] [323464] [INFO] - run_app.produe_open_question_ans (run_app.py:43) - input req:
[2025-09-27 12:47:00,200] [323464] [INFO] - run_app.produe_open_question_ans (run_app.py:46) - begin call model
[2025-09-27 12:47:52,052] [323464] [INFO] - run_app.produe_open_question_ans (run_app.py:43) - input req:
[2025-09-27 12:47:52,052] [323464] [INFO] - run_app.produe_open_question_ans (run_app.py:46) - begin call model
[2025-09-27 12:48:19,239] [323464] [INFO] - run_app.produe_open_question_ans (run_app.py:43) - input req:
[2025-09-27 12:48:19,240] [323464] [INFO] - run_app.produe_open_question_ans (run_app.py:46) - begin call model
[2025-09-27 12:49:54,243] [323464] [INFO] - run_app.produe_open_question_ans (run_app.py:43) - input req:
[2025-09-27 12:49:54,243] [323464] [INFO] - run_app.produe_open_question_ans (run_app.py:46) - begin call model
[2025-09-27 12:51:14,213] [323464] [INFO] - run_app.produe_open_question_ans (run_app.py:43) - input req:
[2025-09-27 12:51:14,213] [323464] [INFO] - run_app.produe_open_question_ans (run_app.py:46) - begin call model
[2025-09-27 12:51:38,931] [323464] [INFO] - run_app.produe_open_question_ans (run_app.py:43) - input req:
[2025-09-27 12:51:38,931] [323464] [INFO] - run_app.produe_open_question_ans (run_app.py:46) - begin call model
[2025-09-27 12:55:05,673] [324455] [INFO] - run_app.produe_open_question_ans (run_app.py:43) - input req:
[2025-09-27 12:55:05,674] [324455] [INFO] - run_app.produe_open_question_ans (run_app.py:46) - begin call model
[2025-09-27 12:55:31,781] [324455] [INFO] - run_app.produe_open_question_ans (run_app.py:43) - input req:
[2025-09-27 12:55:31,782] [324455] [INFO] - run_app.produe_open_question_ans (run_app.py:46) - begin call model
[2025-09-27 12:55:53,980] [324455] [INFO] - run_app.produe_open_question_ans (run_app.py:43) - input req:
[2025-09-27 12:55:53,980] [324455] [INFO] - run_app.produe_open_question_ans (run_app.py:46) - begin call model
[2025-09-27 13:37:42,760] [324645] [INFO] - run_app.produe_open_question_ans (run_app.py:43) - input req:
[2025-09-27 13:37:42,762] [324645] [INFO] - run_app.produe_open_question_ans (run_app.py:46) - begin call model
[2025-09-27 13:38:52,169] [324645] [INFO] - run_app.produe_open_question_ans (run_app.py:43) - input req:
[2025-09-27 13:38:52,169] [324645] [INFO] - run_app.produe_open_question_ans (run_app.py:46) - begin call model
[2025-09-27 13:39:13,826] [324645] [INFO] - run_app.produe_open_question_ans (run_app.py:43) - input req:
[2025-09-27 13:39:13,826] [324645] [INFO] - run_app.produe_open_question_ans (run_app.py:46) - begin call model
[2025-09-27 13:40:04,074] [324669] [INFO] - run_app.produe_open_question_ans (run_app.py:43) - input req:
[2025-09-27 13:40:04,075] [324669] [INFO] - run_app.produe_open_question_ans (run_app.py:46) - begin call model
[2025-09-27 13:40:10,981] [324691] [INFO] - run_app.produe_open_question_ans (run_app.py:43) - input req:
[2025-09-27 13:40:10,982] [324691] [INFO] - run_app.produe_open_question_ans (run_app.py:46) - begin call model
[2025-09-27 13:40:41,431] [324691] [INFO] - run_app.produe_open_question_ans (run_app.py:43) - input req:
[2025-09-27 13:40:41,432] [324691] [INFO] - run_app.produe_open_question_ans (run_app.py:46) - begin call model
[2025-09-27 13:41:06,609] [324691] [INFO] - run_app.produe_open_question_ans (run_app.py:43) - input req:
[2025-09-27 13:41:06,609] [324691] [INFO] - run_app.produe_open_question_ans (run_app.py:46) - begin call model
[2025-09-27 13:42:10,392] [324691] [INFO] - run_app.produe_open_question_ans (run_app.py:43) - input req:
[2025-09-27 13:42:10,392] [324691] [INFO] - run_app.produe_open_question_ans (run_app.py:46) - begin call model
[2025-09-27 13:43:15,116] [324691] [INFO] - run_app.produe_open_question_ans (run_app.py:43) - input req:
[2025-09-27 13:43:15,116] [324691] [INFO] - run_app.produe_open_question_ans (run_app.py:46) - begin call model
[2025-09-27 13:43:37,437] [324691] [INFO] - run_app.produe_open_question_ans (run_app.py:43) - input req:
[2025-09-27 13:43:37,438] [324691] [INFO] - run_app.produe_open_question_ans (run_app.py:46) - begin call model
[2025-09-27 13:44:05,294] [324691] [INFO] - run_app.produe_open_question_ans (run_app.py:43) - input req:
[2025-09-27 13:44:05,294] [324691] [INFO] - run_app.produe_open_question_ans (run_app.py:46) - begin call model
[2025-09-27 13:44:58,130] [324691] [INFO] - run_app.produe_open_question_ans (run_app.py:43) - input req:
[2025-09-27 13:44:58,130] [324691] [INFO] - run_app.produe_open_question_ans (run_app.py:46) - begin call model
[2025-09-27 13:45:11,572] [324691] [INFO] - run_app.produe_open_question_ans (run_app.py:43) - input req:
[2025-09-27 13:45:11,572] [324691] [INFO] - run_app.produe_open_question_ans (run_app.py:46) - begin call model
[2025-09-27 13:45:35,147] [324691] [INFO] - run_app.produe_open_question_ans (run_app.py:43) - input req:
[2025-09-27 13:45:35,148] [324691] [INFO] - run_app.produe_open_question_ans (run_app.py:46) - begin call model
[2025-09-27 13:45:54,009] [324691] [INFO] - run_app.produe_open_question_ans (run_app.py:43) - input req:
[2025-09-27 13:45:54,010] [324691] [INFO] - run_app.produe_open_question_ans (run_app.py:46) - begin call model
[2025-09-27 13:46:23,015] [324691] [INFO] - run_app.produe_open_question_ans (run_app.py:43) - input req:
[2025-09-27 13:46:23,016] [324691] [INFO] - run_app.produe_open_question_ans (run_app.py:46) - begin call model
[2025-09-27 13:46:56,050] [324691] [INFO] - run_app.produe_open_question_ans (run_app.py:43) - input req:
[2025-09-27 13:46:56,050] [324691] [INFO] - run_app.produe_open_question_ans (run_app.py:46) - begin call model
[2025-09-27 13:47:13,209] [324691] [INFO] - run_app.produe_open_question_ans (run_app.py:43) - input req:
[2025-09-27 13:47:13,209] [324691] [INFO] - run_app.produe_open_question_ans (run_app.py:46) - begin call model
[2025-09-27 13:47:20,133] [324691] [INFO] - run_app.produe_instant_profile (run_app.py:69) - instant_profile input req:{'student_info': {'name': '孙一', 'gender': '女', 'school_type': '公立', 'current_grade': 'G2', 'city_location': '洛阳市', 'college_goal_path': ['中国大陆本科', '其他国际本科'], 'id': '7ef22ad8-9b63-11f0-86aa-0242ac120003'}, 'eval_result': [{'question_section_name': '体育爱好与坚持', 'question_type': 2, 'question': '孩子有长期坚持的体育运动吗？坚持了多久了？每星期投入的时间是多久？', 'answer': ['踢足球一直喜欢每周大概两到三次，一次一个小时']}, {'question_section_name': '计算能力', 'question_type': 1, 'question': '孩子在做数学题时，计算是否准确？学过的知识是否能灵活应用到生活里？', 'answer': ['经常出错，生活应用有限']}, {'question_section_name': '自我管理能力', 'question_type': 1, 'question': '孩子在每天学习和专注方面情况如何？时间管理和专注力表现怎样？会有厌学和沉迷游戏/短视频的情况吗？', 'answer': ['大多按计划，偶尔分心能调整，游戏和短时间时间每天1小时左右']}, {'question_section_name': '兴趣倾向与动机', 'question_type': 2, 'question': '空闲时间孩子最喜欢做什么？原因是什么？', 'answer': ['喜欢踢足球，打篮球']}, {'question_section_name': '领导力与合作力', 'question_type': 1, 'question': '如果有一个机会，可以让孩子带领同学完成一件事，孩子最可能选择什么？', 'answer': ['组织一场体育比赛']}, {'question_section_name': '时间管理与偏好', 'question_type': 2, 'question': '孩子周六周日的时间都是如何安排的？可以从早到晚描述一下', 'answer': ['早上睡到自然醒，中午吃饭，下午可能偶尔看看书，踢足球到了晚上吃饭睡觉']}, {'question_section_name': '角色偏好与行为特征', 'question_type': 1, 'question': '在班级里，孩子更像：', 'answer': ['跟随别人完成任务']}, {'question_section_name': '竞赛与活动偏好', 'question_type': 1, 'question': '如果有一场比赛，孩子更想：', 'answer': ['参加运动比赛']}, {'question_section_name': '问题解决与合作能力', 'question_type': 1, 'question': '孩子遇到问题时，更常见的做法是：', 'answer': ['问老师家长']}, {'question_section_name': '兴趣领域与探索动力', 'question_type': 1, 'question': '孩子对哪类内容更感兴趣？', 'answer': ['运动与挑战类（球类、竞技、户外探险、体能挑战） ']}, {'question_section_name': '记忆力', 'question_type': 1, 'question': '孩子在学习新知识后，通常能记住多久？记得牢不牢？', 'answer': ['记住一部分，但容易忘']}, {'question_section_name': '兴趣偏好与校园参与', 'question_type': 1, 'question': '如果学校有社团活动，你更愿意参加以下哪些？（最多选3个）', 'answer': ['体育类（篮球、足球、羽毛球、游泳）']}, {'question_section_name': '体育训练与专业化发展', 'question_type': 1, 'question': '关于孩子的体育爱好情况，以下哪些符合？（可多选）', 'answer': ['无教练，主要靠兴趣自学']}, {'question_section_name': '艺术创作与投入度', 'question_type': 1, 'question': '关于孩子的艺术兴趣和坚持情况，以下哪些符合？', 'answer': ['完全自学，纯兴趣爱好']}, {'question_section_name': '艺术比赛与舞台经验', 'question_type': 1, 'question': '孩子是否经常参加艺术类展示或比赛？', 'answer': ['几乎没有']}, {'question_section_name': '表达与表现欲', 'question_type': 1, 'question': '孩子是否喜欢通过文学/艺术/表演等方式表达思想或情感？', 'answer': ['不喜欢']}, {'question_section_name': '教育期待', 'question_type': 2, 'question': '爸爸妈妈对孩子的学习和成长有什么期待？孩子对未来有什么样的想法或期望？', 'answer': ['希望他能够出国留学']}, {'question_section_name': '亲子关系与陪伴', 'question_type': 2, 'question': '孩子和父母的关系怎么样？平时会不会经常陪伴、交流或一起活动？/会因为什么事情发生冲突？', 'answer': ['关系不错，每周都有陪伴，时间，偶尔会因为学习发生矛盾']}, {'question_section_name': '家庭期待', 'question_type': 2, 'question': '如果有魔法，可以改变孩子身上/父母身上的一个地方，你希望改变什么？', 'answer': ['希望能不要这么淘气，安静一点']}, {'question_section_name': '家庭教育完整性', 'question_type': 1, 'question': '平时是谁主要陪伴孩子和参与孩子教育？', 'answer': ['父母双方']}, {'question_section_name': '英语能力', 'question_type': 1, 'question': '孩子在阅读英文材料时，通常能理解到什么程度？', 'answer': ['只能读很短句子（如 I like …），生词多就读不下去。']}, {'question_section_name': '冲突处理与人际互动', 'question_type': 2, 'question': '请回忆孩子最近一次和同学/朋友发生不愉快的事情，描述一下经过。', 'answer': ['在学校跟同桌打架，但不是什么大事，只是日常拌嘴']}, {'question_section_name': '成就动机&自我效能感', 'question_type': 1, 'question': '你觉得这件事让孩子有成就感，主要是因为：', 'answer': ['成功完成了一件困难的事']}, {'question_section_name': '情绪调节与压力反应', 'question_type': 1, 'question': '当孩子在考试、比赛或测评中表现不理想时，通常会怎么做？', 'answer': ['调整心态继续努力']}, {'question_section_name': '学习态度&校内表现', 'question_type': 2, 'question': '学校老师是如何评价孩子的校内表现和学习态度的？孩子喜欢学校吗？喜欢的原因是什么？不满意的原因是什么？', 'answer': ['老师是我的孩子很淘气，但是学习态度还是比较好的，孩子回家的反馈来说还是比较喜欢学校的，因为有很多同学和他一起玩，不满意的话就是不喜欢每天上课']}, {'question_section_name': '学科兴趣&学术竞争力', 'question_type': 1, 'question': '如果不好完整描述，请快速勾选符合孩子的情况（学科 + 竞赛 + 奖项）', 'answer': ['无参赛经历']}, {'question_section_name': '学科短板', 'question_type': 2, 'question': '孩子最不喜欢/最不擅长的学科是哪一个？为什么？', 'answer': ['最不喜欢数学，因为成绩最差']}, {'question_section_name': '学科成绩与进步轨迹', 'question_type': 1, 'question': '孩子最近一次的学习成绩怎么样？（月考/期中/期末）', 'answer': ['有D或不及格的学科']}, {'question_section_name': '学科成绩表现', 'question_type': 1, 'question': '孩子平时成绩在班里排名区段', 'answer': ['中等']}, {'question_section_name': '学习闭环与复盘习惯', 'question_type': 1, 'question': '孩子平时会主动预习和复习吗？', 'answer': ['不会']}, {'question_section_name': '自我认知与性格描述', 'question_type': 2, 'question': '如何描述孩子的性格？（三个优点/三个缺点）', 'answer': ['责任心强 有耐心 外向但是过于淘气 坐不住']}, {'question_section_name': '英语能力', 'question_type': 1, 'question': '孩子在日常英文交流中，一般能做到哪种程度？', 'answer': ['能连贯地描述经历/观点，参与简单辩论，大体听懂常速英语。']}, {'question_section_name': '英语能力', 'question_type': 1, 'question': '孩子在英文写作和语法方面，通常能完成到什么水平？', 'answer': ['写300词以上论证充分的文章，能改写/概括资料并保持风格一致。']}, {'question_section_name': '英语能力', 'question_type': 1, 'question': '孩子是否参加过以下英语考试？请选择最近一次且成绩最高的一项。', 'answer': ['其他/未参加']}, {'question_section_name': '学习效率', 'question_type': 1, 'question': '孩子目前是否参加过学科补习班？主要情况是？', 'answer': ['没有参加过补习班']}, {'question_section_name': '阅读能力', 'question_type': 1, 'question': '孩子平时会不会主动去读课外书？通常会选择哪些类型的书？', 'answer': ['基本不主动读书']}, {'question_section_name': '写作能力', 'question_type': 1, 'question': '用一句话来描述孩子的写作水平，更接近哪种？', 'answer': ['只能写简单句子或流水账式的日记，内容单调，字数常常不够。']}, {'question_section_name': '逻辑思维能力', 'question_type': 1, 'question': '孩子在玩推理游戏或遇到复杂问题时，会不会主动一步步分析并寻找解决办法？', 'answer': ['不太喜欢分析问题，经常放弃']}, {'question_section_name': '表达与沟通能力', 'question_type': 1, 'question': '在课堂或和别人交流时，孩子会不会主动表达自己的看法？别人能不能听懂？', 'answer': ['基本不愿发言']}, {'question_section_name': '信息检索与整理能力', 'question_type': 1, 'question': '当遇到不懂的问题时，孩子会怎么找答案？找到后会不会整理学习资料？', 'answer': ['大多数时候只会问同学或家长，不太整理']}]}
[2025-09-27 13:47:27,489] [324691] [INFO] - run_app.produe_instant_profile (run_app.py:69) - instant_profile input req:{'student_info': {'name': '孙一', 'gender': '女', 'school_type': '公立', 'current_grade': 'G2', 'city_location': '洛阳市', 'college_goal_path': ['中国大陆本科', '其他国际本科'], 'id': '7ef22ad8-9b63-11f0-86aa-0242ac120003'}, 'eval_result': [{'question_section_name': '体育爱好与坚持', 'question_type': 2, 'question': '孩子有长期坚持的体育运动吗？坚持了多久了？每星期投入的时间是多久？', 'answer': ['踢足球一直喜欢每周大概两到三次，一次一个小时']}, {'question_section_name': '计算能力', 'question_type': 1, 'question': '孩子在做数学题时，计算是否准确？学过的知识是否能灵活应用到生活里？', 'answer': ['经常出错，生活应用有限']}, {'question_section_name': '自我管理能力', 'question_type': 1, 'question': '孩子在每天学习和专注方面情况如何？时间管理和专注力表现怎样？会有厌学和沉迷游戏/短视频的情况吗？', 'answer': ['大多按计划，偶尔分心能调整，游戏和短时间时间每天1小时左右']}, {'question_section_name': '兴趣倾向与动机', 'question_type': 2, 'question': '空闲时间孩子最喜欢做什么？原因是什么？', 'answer': ['喜欢踢足球，打篮球']}, {'question_section_name': '领导力与合作力', 'question_type': 1, 'question': '如果有一个机会，可以让孩子带领同学完成一件事，孩子最可能选择什么？', 'answer': ['组织一场体育比赛']}, {'question_section_name': '时间管理与偏好', 'question_type': 2, 'question': '孩子周六周日的时间都是如何安排的？可以从早到晚描述一下', 'answer': ['早上睡到自然醒，中午吃饭，下午可能偶尔看看书，踢足球到了晚上吃饭睡觉']}, {'question_section_name': '角色偏好与行为特征', 'question_type': 1, 'question': '在班级里，孩子更像：', 'answer': ['跟随别人完成任务']}, {'question_section_name': '竞赛与活动偏好', 'question_type': 1, 'question': '如果有一场比赛，孩子更想：', 'answer': ['参加运动比赛']}, {'question_section_name': '问题解决与合作能力', 'question_type': 1, 'question': '孩子遇到问题时，更常见的做法是：', 'answer': ['问老师家长']}, {'question_section_name': '兴趣领域与探索动力', 'question_type': 1, 'question': '孩子对哪类内容更感兴趣？', 'answer': ['运动与挑战类（球类、竞技、户外探险、体能挑战） ']}, {'question_section_name': '记忆力', 'question_type': 1, 'question': '孩子在学习新知识后，通常能记住多久？记得牢不牢？', 'answer': ['记住一部分，但容易忘']}, {'question_section_name': '兴趣偏好与校园参与', 'question_type': 1, 'question': '如果学校有社团活动，你更愿意参加以下哪些？（最多选3个）', 'answer': ['体育类（篮球、足球、羽毛球、游泳）']}, {'question_section_name': '体育训练与专业化发展', 'question_type': 1, 'question': '关于孩子的体育爱好情况，以下哪些符合？（可多选）', 'answer': ['无教练，主要靠兴趣自学']}, {'question_section_name': '艺术创作与投入度', 'question_type': 1, 'question': '关于孩子的艺术兴趣和坚持情况，以下哪些符合？', 'answer': ['完全自学，纯兴趣爱好']}, {'question_section_name': '艺术比赛与舞台经验', 'question_type': 1, 'question': '孩子是否经常参加艺术类展示或比赛？', 'answer': ['几乎没有']}, {'question_section_name': '表达与表现欲', 'question_type': 1, 'question': '孩子是否喜欢通过文学/艺术/表演等方式表达思想或情感？', 'answer': ['不喜欢']}, {'question_section_name': '教育期待', 'question_type': 2, 'question': '爸爸妈妈对孩子的学习和成长有什么期待？孩子对未来有什么样的想法或期望？', 'answer': ['希望他能够出国留学']}, {'question_section_name': '亲子关系与陪伴', 'question_type': 2, 'question': '孩子和父母的关系怎么样？平时会不会经常陪伴、交流或一起活动？/会因为什么事情发生冲突？', 'answer': ['关系不错，每周都有陪伴，时间，偶尔会因为学习发生矛盾']}, {'question_section_name': '家庭期待', 'question_type': 2, 'question': '如果有魔法，可以改变孩子身上/父母身上的一个地方，你希望改变什么？', 'answer': ['希望能不要这么淘气，安静一点']}, {'question_section_name': '家庭教育完整性', 'question_type': 1, 'question': '平时是谁主要陪伴孩子和参与孩子教育？', 'answer': ['父母双方']}, {'question_section_name': '英语能力', 'question_type': 1, 'question': '孩子在阅读英文材料时，通常能理解到什么程度？', 'answer': ['只能读很短句子（如 I like …），生词多就读不下去。']}, {'question_section_name': '冲突处理与人际互动', 'question_type': 2, 'question': '请回忆孩子最近一次和同学/朋友发生不愉快的事情，描述一下经过。', 'answer': ['在学校跟同桌打架，但不是什么大事，只是日常拌嘴']}, {'question_section_name': '成就动机&自我效能感', 'question_type': 1, 'question': '你觉得这件事让孩子有成就感，主要是因为：', 'answer': ['成功完成了一件困难的事']}, {'question_section_name': '情绪调节与压力反应', 'question_type': 1, 'question': '当孩子在考试、比赛或测评中表现不理想时，通常会怎么做？', 'answer': ['调整心态继续努力']}, {'question_section_name': '学习态度&校内表现', 'question_type': 2, 'question': '学校老师是如何评价孩子的校内表现和学习态度的？孩子喜欢学校吗？喜欢的原因是什么？不满意的原因是什么？', 'answer': ['老师是我的孩子很淘气，但是学习态度还是比较好的，孩子回家的反馈来说还是比较喜欢学校的，因为有很多同学和他一起玩，不满意的话就是不喜欢每天上课']}, {'question_section_name': '学科兴趣&学术竞争力', 'question_type': 1, 'question': '如果不好完整描述，请快速勾选符合孩子的情况（学科 + 竞赛 + 奖项）', 'answer': ['无参赛经历']}, {'question_section_name': '学科短板', 'question_type': 2, 'question': '孩子最不喜欢/最不擅长的学科是哪一个？为什么？', 'answer': ['最不喜欢数学，因为成绩最差']}, {'question_section_name': '学科成绩与进步轨迹', 'question_type': 1, 'question': '孩子最近一次的学习成绩怎么样？（月考/期中/期末）', 'answer': ['有D或不及格的学科']}, {'question_section_name': '学科成绩表现', 'question_type': 1, 'question': '孩子平时成绩在班里排名区段', 'answer': ['中等']}, {'question_section_name': '学习闭环与复盘习惯', 'question_type': 1, 'question': '孩子平时会主动预习和复习吗？', 'answer': ['不会']}, {'question_section_name': '自我认知与性格描述', 'question_type': 2, 'question': '如何描述孩子的性格？（三个优点/三个缺点）', 'answer': ['责任心强 有耐心 外向但是过于淘气 坐不住']}, {'question_section_name': '英语能力', 'question_type': 1, 'question': '孩子在日常英文交流中，一般能做到哪种程度？', 'answer': ['能连贯地描述经历/观点，参与简单辩论，大体听懂常速英语。']}, {'question_section_name': '英语能力', 'question_type': 1, 'question': '孩子在英文写作和语法方面，通常能完成到什么水平？', 'answer': ['写300词以上论证充分的文章，能改写/概括资料并保持风格一致。']}, {'question_section_name': '英语能力', 'question_type': 1, 'question': '孩子是否参加过以下英语考试？请选择最近一次且成绩最高的一项。', 'answer': ['其他/未参加']}, {'question_section_name': '学习效率', 'question_type': 1, 'question': '孩子目前是否参加过学科补习班？主要情况是？', 'answer': ['没有参加过补习班']}, {'question_section_name': '阅读能力', 'question_type': 1, 'question': '孩子平时会不会主动去读课外书？通常会选择哪些类型的书？', 'answer': ['基本不主动读书']}, {'question_section_name': '写作能力', 'question_type': 1, 'question': '用一句话来描述孩子的写作水平，更接近哪种？', 'answer': ['只能写简单句子或流水账式的日记，内容单调，字数常常不够。']}, {'question_section_name': '逻辑思维能力', 'question_type': 1, 'question': '孩子在玩推理游戏或遇到复杂问题时，会不会主动一步步分析并寻找解决办法？', 'answer': ['不太喜欢分析问题，经常放弃']}, {'question_section_name': '表达与沟通能力', 'question_type': 1, 'question': '在课堂或和别人交流时，孩子会不会主动表达自己的看法？别人能不能听懂？', 'answer': ['基本不愿发言']}, {'question_section_name': '信息检索与整理能力', 'question_type': 1, 'question': '当遇到不懂的问题时，孩子会怎么找答案？找到后会不会整理学习资料？', 'answer': ['大多数时候只会问同学或家长，不太整理']}]}
[2025-09-27 13:57:57,821] [324742] [INFO] - run_app.produe_open_question_ans (run_app.py:43) - input req:
[2025-09-27 13:57:57,822] [324742] [INFO] - run_app.produe_open_question_ans (run_app.py:46) - begin call model
[2025-09-27 13:58:55,238] [324742] [INFO] - run_app.produe_open_question_ans (run_app.py:43) - input req:
[2025-09-27 13:58:55,238] [324742] [INFO] - run_app.produe_open_question_ans (run_app.py:46) - begin call model
[2025-09-27 14:04:45,189] [324742] [INFO] - run_app.produe_open_question_ans (run_app.py:43) - input req:
[2025-09-27 14:04:45,190] [324742] [INFO] - run_app.produe_open_question_ans (run_app.py:46) - begin call model
[2025-09-27 14:05:22,183] [324742] [INFO] - run_app.produe_open_question_ans (run_app.py:43) - input req:
[2025-09-27 14:05:22,183] [324742] [INFO] - run_app.produe_open_question_ans (run_app.py:46) - begin call model
[2025-09-27 14:06:07,487] [324742] [INFO] - run_app.produe_open_question_ans (run_app.py:43) - input req:
[2025-09-27 14:06:07,487] [324742] [INFO] - run_app.produe_open_question_ans (run_app.py:46) - begin call model
[2025-09-27 14:06:11,199] [324742] [INFO] - run_app.produe_open_question_ans (run_app.py:43) - input req:
[2025-09-27 14:06:11,199] [324742] [INFO] - run_app.produe_open_question_ans (run_app.py:46) - begin call model
[2025-09-27 14:11:56,843] [324742] [INFO] - run_app.produe_open_question_ans (run_app.py:43) - input req:
[2025-09-27 14:11:56,844] [324742] [INFO] - run_app.produe_open_question_ans (run_app.py:46) - begin call model
[2025-09-27 14:12:42,019] [324742] [INFO] - run_app.produe_open_question_ans (run_app.py:43) - input req:
[2025-09-27 14:12:42,020] [324742] [INFO] - run_app.produe_open_question_ans (run_app.py:46) - begin call model
[2025-09-27 14:14:16,383] [324742] [INFO] - run_app.produe_open_question_ans (run_app.py:43) - input req:
[2025-09-27 14:14:16,383] [324742] [INFO] - run_app.produe_open_question_ans (run_app.py:46) - begin call model
[2025-09-27 14:14:39,268] [324742] [INFO] - run_app.produe_open_question_ans (run_app.py:43) - input req:
[2025-09-27 14:14:39,268] [324742] [INFO] - run_app.produe_open_question_ans (run_app.py:46) - begin call model
[2025-09-27 14:16:01,072] [324792] [INFO] - run_app.produe_open_question_ans (run_app.py:43) - input req:
[2025-09-27 14:16:01,074] [324792] [INFO] - run_app.produe_open_question_ans (run_app.py:46) - begin call model
[2025-09-27 14:17:33,447] [324792] [INFO] - run_app.produe_open_question_ans (run_app.py:43) - input req:
[2025-09-27 14:17:33,447] [324792] [INFO] - run_app.produe_open_question_ans (run_app.py:46) - begin call model
[2025-09-27 14:17:44,733] [324792] [INFO] - run_app.produe_open_question_ans (run_app.py:43) - input req:
[2025-09-27 14:17:44,734] [324792] [INFO] - run_app.produe_open_question_ans (run_app.py:46) - begin call model
[2025-09-27 14:21:32,823] [324792] [INFO] - run_app.produe_open_question_ans (run_app.py:43) - input req:
[2025-09-27 14:21:32,823] [324792] [INFO] - run_app.produe_open_question_ans (run_app.py:46) - begin call model
[2025-09-27 14:21:50,757] [324792] [INFO] - run_app.produe_open_question_ans (run_app.py:43) - input req:
[2025-09-27 14:21:50,758] [324792] [INFO] - run_app.produe_open_question_ans (run_app.py:46) - begin call model
[2025-09-27 14:25:56,663] [324792] [INFO] - run_app.produe_open_question_ans (run_app.py:43) - input req:
[2025-09-27 14:25:56,663] [324792] [INFO] - run_app.produe_open_question_ans (run_app.py:46) - begin call model
[2025-09-27 14:27:18,525] [324792] [INFO] - run_app.produe_open_question_ans (run_app.py:43) - input req:
[2025-09-27 14:27:18,525] [324792] [INFO] - run_app.produe_open_question_ans (run_app.py:46) - begin call model
[2025-09-27 14:28:43,239] [324792] [INFO] - run_app.produe_open_question_ans (run_app.py:43) - input req:
[2025-09-27 14:28:43,239] [324792] [INFO] - run_app.produe_open_question_ans (run_app.py:46) - begin call model
[2025-09-27 14:29:06,205] [324792] [INFO] - run_app.produe_open_question_ans (run_app.py:43) - input req:
[2025-09-27 14:29:06,205] [324792] [INFO] - run_app.produe_open_question_ans (run_app.py:46) - begin call model
[2025-09-27 14:29:20,582] [324792] [INFO] - run_app.produe_open_question_ans (run_app.py:43) - input req:
[2025-09-27 14:29:20,582] [324792] [INFO] - run_app.produe_open_question_ans (run_app.py:46) - begin call model
[2025-09-27 14:29:24,847] [324792] [INFO] - run_app.produe_open_question_ans (run_app.py:43) - input req:
[2025-09-27 14:29:24,848] [324792] [INFO] - run_app.produe_open_question_ans (run_app.py:46) - begin call model
[2025-09-27 14:29:33,060] [324792] [INFO] - run_app.produe_open_question_ans (run_app.py:43) - input req:
[2025-09-27 14:29:33,061] [324792] [INFO] - run_app.produe_open_question_ans (run_app.py:46) - begin call model
[2025-09-27 14:29:51,313] [324792] [INFO] - run_app.produe_open_question_ans (run_app.py:43) - input req:
[2025-09-27 14:29:51,313] [324792] [INFO] - run_app.produe_open_question_ans (run_app.py:46) - begin call model
[2025-09-27 14:30:23,624] [324792] [INFO] - run_app.produe_open_question_ans (run_app.py:43) - input req:
[2025-09-27 14:30:23,625] [324792] [INFO] - run_app.produe_open_question_ans (run_app.py:46) - begin call model
[2025-09-27 14:30:24,030] [324792] [INFO] - run_app.produe_open_question_ans (run_app.py:43) - input req:
[2025-09-27 14:30:24,030] [324792] [INFO] - run_app.produe_open_question_ans (run_app.py:46) - begin call model
[2025-09-27 14:30:36,444] [324792] [INFO] - run_app.produe_open_question_ans (run_app.py:43) - input req:
[2025-09-27 14:30:36,444] [324792] [INFO] - run_app.produe_open_question_ans (run_app.py:46) - begin call model
[2025-09-27 14:30:48,819] [324792] [INFO] - run_app.produe_open_question_ans (run_app.py:43) - input req:
[2025-09-27 14:30:48,820] [324792] [INFO] - run_app.produe_open_question_ans (run_app.py:46) - begin call model
[2025-09-27 14:31:06,192] [324792] [INFO] - run_app.produe_open_question_ans (run_app.py:43) - input req:
[2025-09-27 14:31:06,193] [324792] [INFO] - run_app.produe_open_question_ans (run_app.py:46) - begin call model
[2025-09-27 14:31:12,025] [324792] [INFO] - run_app.produe_instant_profile (run_app.py:69) - instant_profile input req:{'student_info': {'name': 'Cindy', 'gender': '女', 'school_type': '公立', 'current_grade': 'G7', 'city_location': '洛阳市', 'college_goal_path': ['中国大陆本科', '美国本科', '其他国际本科', '港澳台本科', '英联邦本科'], 'id': '0ce7dc11-9b66-11f0-86aa-0242ac120003'}, 'eval_result': [{'question_section_name': '体育爱好与坚持', 'question_type': 1, 'question': '如果不好描述，请选择最接近的情况（可多选运动类型 + 坚持程度）：', 'answer': ['球类运动（篮球、足球、排球、网球、乒乓球、羽毛球等）', '冰雪运动（滑冰、滑雪、冰球等）']}, {'question_section_name': '计算能力', 'question_type': 1, 'question': '孩子在做数学题时，计算是否准确？学过的知识是否能灵活应用到生活里？', 'answer': ['偶尔出错，大部分能应用']}, {'question_section_name': '自我管理能力', 'question_type': 1, 'question': '孩子在每天学习和专注方面情况如何？时间管理和专注力表现怎样？会有厌学和沉迷游戏/短视频的情况吗？', 'answer': ['缺乏计划，常拖延，易分心，游戏和短视频时间每天2小时以上']}, {'question_section_name': '兴趣倾向与动机', 'question_type': 1, 'question': '如果要选一项孩子空闲时间最常做的事情，会是？', 'answer': ['练习艺术（绘画 / 乐器 / 唱歌 / 表演等）']}, {'question_section_name': '领导力与合作力', 'question_type': 1, 'question': '如果有一个机会，可以让孩子带领同学完成一件事，孩子最可能选择什么？', 'answer': ['组织一次公益活动或班级事务']}, {'question_section_name': '时间管理与偏好', 'question_type': 1, 'question': '如果要大致概括孩子周末的安排，以下哪几类最符合？（可多选）', 'answer': ['文化课补习（数学/语文/英语等）', '兴趣班（钢琴、舞蹈、美术、编程等）', '体育运动（游泳、篮球、足球等）']}, {'question_section_name': '角色偏好与行为特征', 'question_type': 1, 'question': '在班级里，孩子更像：', 'answer': ['喜欢当班干部、组织大家的人']}, {'question_section_name': '竞赛与活动偏好', 'question_type': 1, 'question': '如果有一场比赛，孩子更想：', 'answer': ['参加演讲/辩论/策划类活动']}, {'question_section_name': '问题解决与合作能力', 'question_type': 1, 'question': '孩子遇到问题时，更常见的做法是：', 'answer': ['自己动手研究解决']}, {'question_section_name': '兴趣领域与探索动力', 'question_type': 1, 'question': '孩子对哪类内容更感兴趣？', 'answer': ['艺术与人文类（绘画、写作、音乐、表演、文学历史）']}, {'question_section_name': '记忆力', 'question_type': 1, 'question': '孩子在学习新知识后，通常能记住多久？记得牢不牢？', 'answer': ['需要多复习几次，能记住大部分']}, {'question_section_name': '兴趣偏好与校园参与', 'question_type': 1, 'question': '如果学校有社团活动，你更愿意参加以下哪些？（最多选3个）', 'answer': ['领导力类（学生会、组织管理）']}, {'question_section_name': '体育训练与专业化发展', 'question_type': 1, 'question': '关于孩子的体育爱好情况，以下哪些符合？（可多选）', 'answer': ['无教练，主要靠兴趣自学', '参加过区/市级体育比赛']}, {'question_section_name': '艺术创作与投入度', 'question_type': 1, 'question': '关于孩子的艺术兴趣和坚持情况，以下哪些符合？', 'answer': ['曾参加过校内艺术展示/比赛']}, {'question_section_name': '艺术比赛与舞台经验', 'question_type': 1, 'question': '孩子是否经常参加艺术类展示或比赛？', 'answer': ['经常']}, {'question_section_name': '表达与表现欲', 'question_type': 1, 'question': '孩子是否喜欢通过文学/艺术/表演等方式表达思想或情感？', 'answer': ['比较喜欢']}, {'question_section_name': '教育期待', 'question_type': 1, 'question': '如果不好完整描述，请勾选最符合期待的方向（可选 2–4 项）', 'answer': ['提高成绩 / 进入重点学校', '加强英语 / 出国留学', '参加竞赛 / 获得奖项', ' 培养兴趣特长（艺术/体育/科研）']}, {'question_section_name': '亲子关系与陪伴', 'question_type': 1, 'question': '如果不好完整描述，请勾选最符合{SELF}家庭关系的情况', 'answer': ['沟通需要改进', '矛盾原因：学业/作业', '矛盾原因：作息/生活习惯']}, {'question_section_name': '家庭期待', 'question_type': 1, 'question': '如果可以改变一件事，你更希望改变的是：', 'answer': ['孩子的兴趣与坚持（能长期坚持一项爱好/特长）']}, {'question_section_name': '家庭教育完整性', 'question_type': 1, 'question': '平时是谁主要陪伴孩子和参与孩子教育？', 'answer': ['爸爸']}, {'question_section_name': '英语能力', 'question_type': 1, 'question': '孩子在阅读英文材料时，通常能理解到什么程度？', 'answer': ['能读250–400词文章，查少量生词也能明白大意，并读懂时间表/海报。']}, {'question_section_name': '冲突处理与人际互动', 'question_type': 1, 'question': '如果不方便完整描述，请快速勾选最符合孩子情况的选项（事件+处理+结果）', 'answer': ['矛盾原因：被忽视/被排挤', '矛盾原因：竞争/比较', '矛盾原因：规则/纪律问题', '处理方式：回避/自己一个人哭', '处理方式：打架']}, {'question_section_name': '成就动机&自我效能感', 'question_type': 1, 'question': '你觉得这件事让孩子有成就感，主要是因为：', 'answer': ['成功完成了一件困难的事']}, {'question_section_name': '情绪调节与压力反应', 'question_type': 1, 'question': '当孩子在考试、比赛或测评中表现不理想时，通常会怎么做？', 'answer': ['调整心态继续努力']}, {'question_section_name': '学习态度&校内表现', 'question_type': 1, 'question': '快速勾选符合孩子校内表现和学习态度的选项（选3–6个）', 'answer': ['违反课堂纪律', '笔记会记要点/错题本', '不愿发言', '经常举手', '被点才说', '乐于和同学合作']}, {'question_section_name': '学科兴趣&学术竞争力', 'question_type': 1, 'question': '如果不好完整描述，请快速勾选符合孩子的情况（学科 + 竞赛 + 奖项）', 'answer': ['数学', '参加过竞赛但是没获奖']}, {'question_section_name': '学科短板', 'question_type': 1, 'question': '如果不好完整描述，请快速勾选符合 孩子 的情况。', 'answer': ['数学', '枯燥乏味，缺乏兴趣']}, {'question_section_name': '学科成绩与进步轨迹', 'question_type': 1, 'question': '孩子最近一次的学习成绩怎么样？（月考/期中/期末）', 'answer': ['有D或不及格的学科']}, {'question_section_name': '学科成绩表现', 'question_type': 1, 'question': '孩子平时成绩在班里排名区段', 'answer': ['中等']}, {'question_section_name': '学习闭环与复盘习惯', 'question_type': 1, 'question': '孩子平时会主动预习和复习吗？', 'answer': ['需要家长/老师监督才会做']}, {'question_section_name': '自我认知与性格描述', 'question_type': 1, 'question': '如果不好描述，请勾选最贴近{SELF}的性格特点（请至少选择3项，至多选择6项）', 'answer': ['有主见/领导力', '冲动/易急', '拖延/犹豫', '合作友好', '乐观/开朗']}, {'question_section_name': '英语能力', 'question_type': 1, 'question': '孩子在日常英文交流中，一般能做到哪种程度？', 'answer': ['能完成功能性交流（打电话约时间、解释计划），能用过去时/将来时表达完整的句子。']}, {'question_section_name': '英语能力', 'question_type': 1, 'question': '孩子在英文写作和语法方面，通常能完成到什么水平？', 'answer': ['写5–7句连贯段落（现在/一般过去时），能写请假条、日记。']}, {'question_section_name': '英语能力', 'question_type': 1, 'question': '孩子是否参加过以下英语考试？请选择最近一次且成绩最高的一项。', 'answer': ['其他/未参加']}, {'question_section_name': '学习效率', 'question_type': 1, 'question': '孩子目前是否参加过学科补习班？主要情况是？', 'answer': ['没有参加过补习班']}, {'question_section_name': '阅读能力', 'question_type': 1, 'question': '孩子平时会不会主动去读课外书？通常会选择哪些类型的书？', 'answer': ['只读漫画书']}, {'question_section_name': '写作能力', 'question_type': 1, 'question': '用一句话来描述孩子的写作水平，更接近哪种？', 'answer': ['能写完整的记叙文/说明文，结构较清晰，有一定描写或观点。']}, {'question_section_name': '逻辑思维能力', 'question_type': 1, 'question': '孩子在玩推理游戏或遇到复杂问题时，会不会主动一步步分析并寻找解决办法？', 'answer': ['有兴趣，会分析一些']}, {'question_section_name': '表达与沟通能力', 'question_type': 1, 'question': '在课堂或和别人交流时，孩子会不会主动表达自己的看法？别人能不能听懂？', 'answer': ['偶尔会表达，部分人能听懂']}, {'question_section_name': '信息检索与整理能力', 'question_type': 1, 'question': '当遇到不懂的问题时，孩子会怎么找答案？找到后会不会整理学习资料？', 'answer': ['大多数时候只会问同学或家长，不太整理']}]}
[2025-09-27 14:31:30,122] [324792] [INFO] - run_app.produe_instant_profile (run_app.py:69) - instant_profile input req:{'student_info': {'name': 'Cindy', 'gender': '女', 'school_type': '公立', 'current_grade': 'G7', 'city_location': '洛阳市', 'college_goal_path': ['中国大陆本科', '美国本科', '其他国际本科', '港澳台本科', '英联邦本科'], 'id': '0ce7dc11-9b66-11f0-86aa-0242ac120003'}, 'eval_result': [{'question_section_name': '体育爱好与坚持', 'question_type': 1, 'question': '如果不好描述，请选择最接近的情况（可多选运动类型 + 坚持程度）：', 'answer': ['球类运动（篮球、足球、排球、网球、乒乓球、羽毛球等）', '冰雪运动（滑冰、滑雪、冰球等）']}, {'question_section_name': '计算能力', 'question_type': 1, 'question': '孩子在做数学题时，计算是否准确？学过的知识是否能灵活应用到生活里？', 'answer': ['偶尔出错，大部分能应用']}, {'question_section_name': '自我管理能力', 'question_type': 1, 'question': '孩子在每天学习和专注方面情况如何？时间管理和专注力表现怎样？会有厌学和沉迷游戏/短视频的情况吗？', 'answer': ['缺乏计划，常拖延，易分心，游戏和短视频时间每天2小时以上']}, {'question_section_name': '兴趣倾向与动机', 'question_type': 1, 'question': '如果要选一项孩子空闲时间最常做的事情，会是？', 'answer': ['练习艺术（绘画 / 乐器 / 唱歌 / 表演等）']}, {'question_section_name': '领导力与合作力', 'question_type': 1, 'question': '如果有一个机会，可以让孩子带领同学完成一件事，孩子最可能选择什么？', 'answer': ['组织一次公益活动或班级事务']}, {'question_section_name': '时间管理与偏好', 'question_type': 1, 'question': '如果要大致概括孩子周末的安排，以下哪几类最符合？（可多选）', 'answer': ['文化课补习（数学/语文/英语等）', '兴趣班（钢琴、舞蹈、美术、编程等）', '体育运动（游泳、篮球、足球等）']}, {'question_section_name': '角色偏好与行为特征', 'question_type': 1, 'question': '在班级里，孩子更像：', 'answer': ['喜欢当班干部、组织大家的人']}, {'question_section_name': '竞赛与活动偏好', 'question_type': 1, 'question': '如果有一场比赛，孩子更想：', 'answer': ['参加演讲/辩论/策划类活动']}, {'question_section_name': '问题解决与合作能力', 'question_type': 1, 'question': '孩子遇到问题时，更常见的做法是：', 'answer': ['自己动手研究解决']}, {'question_section_name': '兴趣领域与探索动力', 'question_type': 1, 'question': '孩子对哪类内容更感兴趣？', 'answer': ['艺术与人文类（绘画、写作、音乐、表演、文学历史）']}, {'question_section_name': '记忆力', 'question_type': 1, 'question': '孩子在学习新知识后，通常能记住多久？记得牢不牢？', 'answer': ['需要多复习几次，能记住大部分']}, {'question_section_name': '兴趣偏好与校园参与', 'question_type': 1, 'question': '如果学校有社团活动，你更愿意参加以下哪些？（最多选3个）', 'answer': ['领导力类（学生会、组织管理）']}, {'question_section_name': '体育训练与专业化发展', 'question_type': 1, 'question': '关于孩子的体育爱好情况，以下哪些符合？（可多选）', 'answer': ['无教练，主要靠兴趣自学', '参加过区/市级体育比赛']}, {'question_section_name': '艺术创作与投入度', 'question_type': 1, 'question': '关于孩子的艺术兴趣和坚持情况，以下哪些符合？', 'answer': ['曾参加过校内艺术展示/比赛']}, {'question_section_name': '艺术比赛与舞台经验', 'question_type': 1, 'question': '孩子是否经常参加艺术类展示或比赛？', 'answer': ['经常']}, {'question_section_name': '表达与表现欲', 'question_type': 1, 'question': '孩子是否喜欢通过文学/艺术/表演等方式表达思想或情感？', 'answer': ['比较喜欢']}, {'question_section_name': '教育期待', 'question_type': 1, 'question': '如果不好完整描述，请勾选最符合期待的方向（可选 2–4 项）', 'answer': ['提高成绩 / 进入重点学校', '加强英语 / 出国留学', '参加竞赛 / 获得奖项', ' 培养兴趣特长（艺术/体育/科研）']}, {'question_section_name': '亲子关系与陪伴', 'question_type': 1, 'question': '如果不好完整描述，请勾选最符合{SELF}家庭关系的情况', 'answer': ['沟通需要改进', '矛盾原因：学业/作业', '矛盾原因：作息/生活习惯']}, {'question_section_name': '家庭期待', 'question_type': 1, 'question': '如果可以改变一件事，你更希望改变的是：', 'answer': ['孩子的兴趣与坚持（能长期坚持一项爱好/特长）']}, {'question_section_name': '家庭教育完整性', 'question_type': 1, 'question': '平时是谁主要陪伴孩子和参与孩子教育？', 'answer': ['爸爸']}, {'question_section_name': '英语能力', 'question_type': 1, 'question': '孩子在阅读英文材料时，通常能理解到什么程度？', 'answer': ['能读250–400词文章，查少量生词也能明白大意，并读懂时间表/海报。']}, {'question_section_name': '冲突处理与人际互动', 'question_type': 1, 'question': '如果不方便完整描述，请快速勾选最符合孩子情况的选项（事件+处理+结果）', 'answer': ['矛盾原因：被忽视/被排挤', '矛盾原因：竞争/比较', '矛盾原因：规则/纪律问题', '处理方式：回避/自己一个人哭', '处理方式：打架']}, {'question_section_name': '成就动机&自我效能感', 'question_type': 1, 'question': '你觉得这件事让孩子有成就感，主要是因为：', 'answer': ['成功完成了一件困难的事']}, {'question_section_name': '情绪调节与压力反应', 'question_type': 1, 'question': '当孩子在考试、比赛或测评中表现不理想时，通常会怎么做？', 'answer': ['调整心态继续努力']}, {'question_section_name': '学习态度&校内表现', 'question_type': 1, 'question': '快速勾选符合孩子校内表现和学习态度的选项（选3–6个）', 'answer': ['违反课堂纪律', '笔记会记要点/错题本', '不愿发言', '经常举手', '被点才说', '乐于和同学合作']}, {'question_section_name': '学科兴趣&学术竞争力', 'question_type': 1, 'question': '如果不好完整描述，请快速勾选符合孩子的情况（学科 + 竞赛 + 奖项）', 'answer': ['数学', '参加过竞赛但是没获奖']}, {'question_section_name': '学科短板', 'question_type': 1, 'question': '如果不好完整描述，请快速勾选符合 孩子 的情况。', 'answer': ['数学', '枯燥乏味，缺乏兴趣']}, {'question_section_name': '学科成绩与进步轨迹', 'question_type': 1, 'question': '孩子最近一次的学习成绩怎么样？（月考/期中/期末）', 'answer': ['有D或不及格的学科']}, {'question_section_name': '学科成绩表现', 'question_type': 1, 'question': '孩子平时成绩在班里排名区段', 'answer': ['中等']}, {'question_section_name': '学习闭环与复盘习惯', 'question_type': 1, 'question': '孩子平时会主动预习和复习吗？', 'answer': ['需要家长/老师监督才会做']}, {'question_section_name': '自我认知与性格描述', 'question_type': 1, 'question': '如果不好描述，请勾选最贴近{SELF}的性格特点（请至少选择3项，至多选择6项）', 'answer': ['有主见/领导力', '冲动/易急', '拖延/犹豫', '合作友好', '乐观/开朗']}, {'question_section_name': '英语能力', 'question_type': 1, 'question': '孩子在日常英文交流中，一般能做到哪种程度？', 'answer': ['能完成功能性交流（打电话约时间、解释计划），能用过去时/将来时表达完整的句子。']}, {'question_section_name': '英语能力', 'question_type': 1, 'question': '孩子在英文写作和语法方面，通常能完成到什么水平？', 'answer': ['写5–7句连贯段落（现在/一般过去时），能写请假条、日记。']}, {'question_section_name': '英语能力', 'question_type': 1, 'question': '孩子是否参加过以下英语考试？请选择最近一次且成绩最高的一项。', 'answer': ['其他/未参加']}, {'question_section_name': '学习效率', 'question_type': 1, 'question': '孩子目前是否参加过学科补习班？主要情况是？', 'answer': ['没有参加过补习班']}, {'question_section_name': '阅读能力', 'question_type': 1, 'question': '孩子平时会不会主动去读课外书？通常会选择哪些类型的书？', 'answer': ['只读漫画书']}, {'question_section_name': '写作能力', 'question_type': 1, 'question': '用一句话来描述孩子的写作水平，更接近哪种？', 'answer': ['能写完整的记叙文/说明文，结构较清晰，有一定描写或观点。']}, {'question_section_name': '逻辑思维能力', 'question_type': 1, 'question': '孩子在玩推理游戏或遇到复杂问题时，会不会主动一步步分析并寻找解决办法？', 'answer': ['有兴趣，会分析一些']}, {'question_section_name': '表达与沟通能力', 'question_type': 1, 'question': '在课堂或和别人交流时，孩子会不会主动表达自己的看法？别人能不能听懂？', 'answer': ['偶尔会表达，部分人能听懂']}, {'question_section_name': '信息检索与整理能力', 'question_type': 1, 'question': '当遇到不懂的问题时，孩子会怎么找答案？找到后会不会整理学习资料？', 'answer': ['大多数时候只会问同学或家长，不太整理']}]}
[2025-09-27 14:35:12,016] [324792] [INFO] - run_app.produe_open_question_ans (run_app.py:43) - input req:
[2025-09-27 14:35:12,016] [324792] [INFO] - run_app.produe_open_question_ans (run_app.py:46) - begin call model
[2025-09-27 14:35:34,704] [324792] [INFO] - run_app.produe_open_question_ans (run_app.py:43) - input req:
[2025-09-27 14:35:34,705] [324792] [INFO] - run_app.produe_open_question_ans (run_app.py:46) - begin call model
[2025-09-27 14:36:23,986] [324792] [INFO] - run_app.produe_open_question_ans (run_app.py:43) - input req:
[2025-09-27 14:36:23,986] [324792] [INFO] - run_app.produe_open_question_ans (run_app.py:46) - begin call model
[2025-09-27 14:36:52,585] [324792] [INFO] - run_app.produe_open_question_ans (run_app.py:43) - input req:
[2025-09-27 14:36:52,585] [324792] [INFO] - run_app.produe_open_question_ans (run_app.py:46) - begin call model
[2025-09-27 14:38:54,330] [324792] [INFO] - run_app.produe_open_question_ans (run_app.py:43) - input req:
[2025-09-27 14:38:54,331] [324792] [INFO] - run_app.produe_open_question_ans (run_app.py:46) - begin call model
[2025-09-27 14:40:34,326] [324792] [INFO] - run_app.produe_open_question_ans (run_app.py:43) - input req:
[2025-09-27 14:40:34,326] [324792] [INFO] - run_app.produe_open_question_ans (run_app.py:46) - begin call model
[2025-09-27 14:41:36,656] [324792] [INFO] - run_app.produe_open_question_ans (run_app.py:43) - input req:
[2025-09-27 14:41:36,656] [324792] [INFO] - run_app.produe_open_question_ans (run_app.py:46) - begin call model
[2025-09-27 14:42:31,561] [324792] [INFO] - run_app.produe_instant_profile (run_app.py:69) - instant_profile input req:{'student_info': {'name': '孙1', 'gender': '女', 'school_type': '公立', 'current_grade': 'G5', 'city_location': '洛阳市', 'college_goal_path': ['中国大陆本科', '港澳台本科', '英联邦本科', '美国本科', '其他国际本科'], 'id': 'fffe4c47-9b65-11f0-86aa-0242ac120003'}, 'eval_result': [{'question_section_name': '体育爱好与坚持', 'question_type': 1, 'question': '如果不好描述，请选择最接近的情况（可多选运动类型 + 坚持程度）：', 'answer': ['球类运动（篮球、足球、排球、网球、乒乓球、羽毛球等）', '田径与跑跳类（短跑、长跑、跳远、跨栏等）']}, {'question_section_name': '计算能力', 'question_type': 1, 'question': '孩子在做数学题时，计算是否准确？学过的知识是否能灵活应用到生活里？', 'answer': ['基本不出错，还能用到生活中的问题']}, {'question_section_name': '自我管理能力', 'question_type': 1, 'question': '孩子在每天学习和专注方面情况如何？时间管理和专注力表现怎样？会有厌学和沉迷游戏/短视频的情况吗？', 'answer': ['大多按计划，偶尔分心能调整，游戏和短时间时间每天1小时左右']}, {'question_section_name': '兴趣倾向与动机', 'question_type': 2, 'question': '空闲时间孩子最喜欢做什么？原因是什么？', 'answer': ['踢足球 因为喜欢运动']}, {'question_section_name': '领导力与合作力', 'question_type': 2, 'question': '如果有一个机会，可以让孩子带领同学完成一件事，孩子会选择什么？会怎么做？', 'answer': ['一起组织一场足球比赛']}, {'question_section_name': '时间管理与偏好', 'question_type': 1, 'question': '如果要大致概括孩子周末的安排，以下哪几类最符合？（可多选）', 'answer': ['体育运动（游泳、篮球、足球等）', '自主学习（写作业、阅读、复习预习）', '家庭活动（陪伴父母、外出游玩、家庭聚会）']}, {'question_section_name': '角色偏好与行为特征', 'question_type': 1, 'question': '在班级里，孩子更像：', 'answer': ['喜欢当班干部、组织大家的人']}, {'question_section_name': '竞赛与活动偏好', 'question_type': 1, 'question': '如果有一场比赛，孩子更想：', 'answer': ['参加运动比赛']}, {'question_section_name': '问题解决与合作能力', 'question_type': 1, 'question': '孩子遇到问题时，更常见的做法是：', 'answer': ['问老师家长']}, {'question_section_name': '兴趣领域与探索动力', 'question_type': 1, 'question': '孩子对哪类内容更感兴趣？', 'answer': ['运动与挑战类（球类、竞技、户外探险、体能挑战） ']}, {'question_section_name': '记忆力', 'question_type': 1, 'question': '孩子在学习新知识后，通常能记住多久？记得牢不牢？', 'answer': ['需要多复习几次，能记住大部分']}, {'question_section_name': '兴趣偏好与校园参与', 'question_type': 1, 'question': '如果学校有社团活动，你更愿意参加以下哪些？（最多选3个）', 'answer': ['体育类（篮球、足球、羽毛球、游泳）', '公益类（志愿服务、环保行动）', '科技类（机器人、编程、科学实验）']}, {'question_section_name': '体育训练与专业化发展', 'question_type': 1, 'question': '关于孩子的体育爱好情况，以下哪些符合？（可多选）', 'answer': ['无教练，主要靠兴趣自学', '纯兴趣爱好，没有系统训练']}, {'question_section_name': '艺术创作与投入度', 'question_type': 1, 'question': '关于孩子的艺术兴趣和坚持情况，以下哪些符合？', 'answer': ['完全自学，纯兴趣爱好']}, {'question_section_name': '艺术比赛与舞台经验', 'question_type': 1, 'question': '孩子是否经常参加艺术类展示或比赛？', 'answer': ['偶尔']}, {'question_section_name': '表达与表现欲', 'question_type': 1, 'question': '孩子是否喜欢通过文学/艺术/表演等方式表达思想或情感？', 'answer': ['偶尔']}, {'question_section_name': '教育期待', 'question_type': 2, 'question': '爸爸妈妈对孩子的学习和成长有什么期待？孩子对未来有什么样的想法或期望？', 'answer': ['希望他出国深造 快乐长大']}, {'question_section_name': '亲子关系与陪伴', 'question_type': 2, 'question': '孩子和父母的关系怎么样？平时会不会经常陪伴、交流或一起活动？/会因为什么事情发生冲突？', 'answer': ['关系很好 会时常陪伴，会因为学习成绩发生冲突']}, {'question_section_name': '家庭期待', 'question_type': 2, 'question': '如果有魔法，可以改变孩子身上/父母身上的一个地方，你希望改变什么？', 'answer': ['希望孩子更听话']}, {'question_section_name': '家庭教育完整性', 'question_type': 1, 'question': '平时是谁主要陪伴孩子和参与孩子教育？', 'answer': ['父母双方']}, {'question_section_name': '英语能力', 'question_type': 1, 'question': '孩子在阅读英文材料时，通常能理解到什么程度？', 'answer': ['能读250–400词文章，查少量生词也能明白大意，并读懂时间表/海报。']}, {'question_section_name': '冲突处理与人际互动', 'question_type': 1, 'question': '如果不方便完整描述，请快速勾选最符合孩子情况的选项（事件+处理+结果）', 'answer': ['矛盾原因：竞争/比较', '矛盾原因：沟通误会', '处理方式：寻求老师/家长帮助', '结果：矛盾解决了']}, {'question_section_name': '成就动机&自我效能感', 'question_type': 1, 'question': '你觉得这件事让孩子有成就感，主要是因为：', 'answer': ['得到了老师/家长的认可']}, {'question_section_name': '情绪调节与压力反应', 'question_type': 1, 'question': '当孩子在考试、比赛或测评中表现不理想时，通常会怎么做？', 'answer': ['复盘问题后再开始']}, {'question_section_name': '学习态度&校内表现', 'question_type': 2, 'question': '学校老师是如何评价孩子的校内表现和学习态度的？孩子喜欢学校吗？喜欢的原因是什么？不满意的原因是什么？', 'answer': ['很优秀 性格外向，喜欢学校，因为有同学一起玩']}, {'question_section_name': '学科兴趣&学术竞争力', 'question_type': 1, 'question': '如果不好完整描述，请快速勾选符合孩子的情况（学科 + 竞赛 + 奖项）', 'answer': ['体育', '无参赛经历']}, {'question_section_name': '学科短板', 'question_type': 2, 'question': '孩子最不喜欢/最不擅长的学科是哪一个？为什么？', 'answer': ['数学，学习成绩差']}, {'question_section_name': '学科成绩与进步轨迹', 'question_type': 1, 'question': '孩子最近一次的学习成绩怎么样？（月考/期中/期末）', 'answer': ['偶尔会有B或C（80分左右/满分100）']}, {'question_section_name': '学科成绩表现', 'question_type': 1, 'question': '孩子平时成绩在班里排名区段', 'answer': ['中上']}, {'question_section_name': '学习闭环与复盘习惯', 'question_type': 1, 'question': '孩子平时会主动预习和复习吗？', 'answer': ['需要家长/老师监督才会做']}, {'question_section_name': '自我认知与性格描述', 'question_type': 1, 'question': '如果不好描述，请勾选最贴近{SELF}的性格特点（请至少选择3项，至多选择6项）', 'answer': ['自信/外向', '乐观/开朗', '合作友好', '注意力分散', '安静/内向', '坚持/有韧性', '细心/负责']}, {'question_section_name': '英语能力', 'question_type': 1, 'question': '孩子在日常英文交流中，一般能做到哪种程度？', 'answer': ['能完成功能性交流（打电话约时间、解释计划），能用过去时/将来时表达完整的句子。']}, {'question_section_name': '英语能力', 'question_type': 1, 'question': '孩子在英文写作和语法方面，通常能完成到什么水平？', 'answer': ['写120–180词结构清晰的短文/邮件（有开头—展开—结尾），能使用连词与基本时态。']}, {'question_section_name': '英语能力', 'question_type': 1, 'question': '孩子是否参加过以下英语考试？请选择最近一次且成绩最高的一项。', 'answer': ['其他/未参加']}, {'question_section_name': '学习效率', 'question_type': 1, 'question': '孩子目前是否参加过学科补习班？主要情况是？', 'answer': ['没有参加过补习班']}, {'question_section_name': '阅读能力', 'question_type': 1, 'question': '孩子平时会不会主动去读课外书？通常会选择哪些类型的书？', 'answer': ['偶尔在老师或家长推荐下阅读']}, {'question_section_name': '写作能力', 'question_type': 1, 'question': '用一句话来描述孩子的写作水平，更接近哪种？', 'answer': ['能写完整的记叙文/说明文，结构较清晰，有一定描写或观点。']}, {'question_section_name': '逻辑思维能力', 'question_type': 1, 'question': '孩子在玩推理游戏或遇到复杂问题时，会不会主动一步步分析并寻找解决办法？', 'answer': ['偶尔会尝试，但多半依赖别人']}, {'question_section_name': '表达与沟通能力', 'question_type': 1, 'question': '在课堂或和别人交流时，孩子会不会主动表达自己的看法？别人能不能听懂？', 'answer': ['偶尔会表达，部分人能听懂']}, {'question_section_name': '信息检索与整理能力', 'question_type': 1, 'question': '当遇到不懂的问题时，孩子会怎么找答案？找到后会不会整理学习资料？', 'answer': ['会用网络或 AI 工具查找，并简单整理']}]}
[2025-09-27 14:42:50,171] [324792] [INFO] - run_app.produe_instant_profile (run_app.py:69) - instant_profile input req:{'student_info': {'name': '孙1', 'gender': '女', 'school_type': '公立', 'current_grade': 'G5', 'city_location': '洛阳市', 'college_goal_path': ['中国大陆本科', '港澳台本科', '英联邦本科', '美国本科', '其他国际本科'], 'id': 'fffe4c47-9b65-11f0-86aa-0242ac120003'}, 'eval_result': [{'question_section_name': '体育爱好与坚持', 'question_type': 1, 'question': '如果不好描述，请选择最接近的情况（可多选运动类型 + 坚持程度）：', 'answer': ['球类运动（篮球、足球、排球、网球、乒乓球、羽毛球等）', '田径与跑跳类（短跑、长跑、跳远、跨栏等）']}, {'question_section_name': '计算能力', 'question_type': 1, 'question': '孩子在做数学题时，计算是否准确？学过的知识是否能灵活应用到生活里？', 'answer': ['基本不出错，还能用到生活中的问题']}, {'question_section_name': '自我管理能力', 'question_type': 1, 'question': '孩子在每天学习和专注方面情况如何？时间管理和专注力表现怎样？会有厌学和沉迷游戏/短视频的情况吗？', 'answer': ['大多按计划，偶尔分心能调整，游戏和短时间时间每天1小时左右']}, {'question_section_name': '兴趣倾向与动机', 'question_type': 2, 'question': '空闲时间孩子最喜欢做什么？原因是什么？', 'answer': ['踢足球 因为喜欢运动']}, {'question_section_name': '领导力与合作力', 'question_type': 2, 'question': '如果有一个机会，可以让孩子带领同学完成一件事，孩子会选择什么？会怎么做？', 'answer': ['一起组织一场足球比赛']}, {'question_section_name': '时间管理与偏好', 'question_type': 1, 'question': '如果要大致概括孩子周末的安排，以下哪几类最符合？（可多选）', 'answer': ['体育运动（游泳、篮球、足球等）', '自主学习（写作业、阅读、复习预习）', '家庭活动（陪伴父母、外出游玩、家庭聚会）']}, {'question_section_name': '角色偏好与行为特征', 'question_type': 1, 'question': '在班级里，孩子更像：', 'answer': ['喜欢当班干部、组织大家的人']}, {'question_section_name': '竞赛与活动偏好', 'question_type': 1, 'question': '如果有一场比赛，孩子更想：', 'answer': ['参加运动比赛']}, {'question_section_name': '问题解决与合作能力', 'question_type': 1, 'question': '孩子遇到问题时，更常见的做法是：', 'answer': ['问老师家长']}, {'question_section_name': '兴趣领域与探索动力', 'question_type': 1, 'question': '孩子对哪类内容更感兴趣？', 'answer': ['运动与挑战类（球类、竞技、户外探险、体能挑战） ']}, {'question_section_name': '记忆力', 'question_type': 1, 'question': '孩子在学习新知识后，通常能记住多久？记得牢不牢？', 'answer': ['需要多复习几次，能记住大部分']}, {'question_section_name': '兴趣偏好与校园参与', 'question_type': 1, 'question': '如果学校有社团活动，你更愿意参加以下哪些？（最多选3个）', 'answer': ['体育类（篮球、足球、羽毛球、游泳）', '公益类（志愿服务、环保行动）', '科技类（机器人、编程、科学实验）']}, {'question_section_name': '体育训练与专业化发展', 'question_type': 1, 'question': '关于孩子的体育爱好情况，以下哪些符合？（可多选）', 'answer': ['无教练，主要靠兴趣自学', '纯兴趣爱好，没有系统训练']}, {'question_section_name': '艺术创作与投入度', 'question_type': 1, 'question': '关于孩子的艺术兴趣和坚持情况，以下哪些符合？', 'answer': ['完全自学，纯兴趣爱好']}, {'question_section_name': '艺术比赛与舞台经验', 'question_type': 1, 'question': '孩子是否经常参加艺术类展示或比赛？', 'answer': ['偶尔']}, {'question_section_name': '表达与表现欲', 'question_type': 1, 'question': '孩子是否喜欢通过文学/艺术/表演等方式表达思想或情感？', 'answer': ['偶尔']}, {'question_section_name': '教育期待', 'question_type': 2, 'question': '爸爸妈妈对孩子的学习和成长有什么期待？孩子对未来有什么样的想法或期望？', 'answer': ['希望他出国深造 快乐长大']}, {'question_section_name': '亲子关系与陪伴', 'question_type': 2, 'question': '孩子和父母的关系怎么样？平时会不会经常陪伴、交流或一起活动？/会因为什么事情发生冲突？', 'answer': ['关系很好 会时常陪伴，会因为学习成绩发生冲突']}, {'question_section_name': '家庭期待', 'question_type': 2, 'question': '如果有魔法，可以改变孩子身上/父母身上的一个地方，你希望改变什么？', 'answer': ['希望孩子更听话']}, {'question_section_name': '家庭教育完整性', 'question_type': 1, 'question': '平时是谁主要陪伴孩子和参与孩子教育？', 'answer': ['父母双方']}, {'question_section_name': '英语能力', 'question_type': 1, 'question': '孩子在阅读英文材料时，通常能理解到什么程度？', 'answer': ['能读250–400词文章，查少量生词也能明白大意，并读懂时间表/海报。']}, {'question_section_name': '冲突处理与人际互动', 'question_type': 1, 'question': '如果不方便完整描述，请快速勾选最符合孩子情况的选项（事件+处理+结果）', 'answer': ['矛盾原因：竞争/比较', '矛盾原因：沟通误会', '处理方式：寻求老师/家长帮助', '结果：矛盾解决了']}, {'question_section_name': '成就动机&自我效能感', 'question_type': 1, 'question': '你觉得这件事让孩子有成就感，主要是因为：', 'answer': ['得到了老师/家长的认可']}, {'question_section_name': '情绪调节与压力反应', 'question_type': 1, 'question': '当孩子在考试、比赛或测评中表现不理想时，通常会怎么做？', 'answer': ['复盘问题后再开始']}, {'question_section_name': '学习态度&校内表现', 'question_type': 2, 'question': '学校老师是如何评价孩子的校内表现和学习态度的？孩子喜欢学校吗？喜欢的原因是什么？不满意的原因是什么？', 'answer': ['很优秀 性格外向，喜欢学校，因为有同学一起玩']}, {'question_section_name': '学科兴趣&学术竞争力', 'question_type': 1, 'question': '如果不好完整描述，请快速勾选符合孩子的情况（学科 + 竞赛 + 奖项）', 'answer': ['体育', '无参赛经历']}, {'question_section_name': '学科短板', 'question_type': 2, 'question': '孩子最不喜欢/最不擅长的学科是哪一个？为什么？', 'answer': ['数学，学习成绩差']}, {'question_section_name': '学科成绩与进步轨迹', 'question_type': 1, 'question': '孩子最近一次的学习成绩怎么样？（月考/期中/期末）', 'answer': ['偶尔会有B或C（80分左右/满分100）']}, {'question_section_name': '学科成绩表现', 'question_type': 1, 'question': '孩子平时成绩在班里排名区段', 'answer': ['中上']}, {'question_section_name': '学习闭环与复盘习惯', 'question_type': 1, 'question': '孩子平时会主动预习和复习吗？', 'answer': ['需要家长/老师监督才会做']}, {'question_section_name': '自我认知与性格描述', 'question_type': 1, 'question': '如果不好描述，请勾选最贴近{SELF}的性格特点（请至少选择3项，至多选择6项）', 'answer': ['自信/外向', '乐观/开朗', '合作友好', '注意力分散', '安静/内向', '坚持/有韧性', '细心/负责']}, {'question_section_name': '英语能力', 'question_type': 1, 'question': '孩子在日常英文交流中，一般能做到哪种程度？', 'answer': ['能完成功能性交流（打电话约时间、解释计划），能用过去时/将来时表达完整的句子。']}, {'question_section_name': '英语能力', 'question_type': 1, 'question': '孩子在英文写作和语法方面，通常能完成到什么水平？', 'answer': ['写120–180词结构清晰的短文/邮件（有开头—展开—结尾），能使用连词与基本时态。']}, {'question_section_name': '英语能力', 'question_type': 1, 'question': '孩子是否参加过以下英语考试？请选择最近一次且成绩最高的一项。', 'answer': ['其他/未参加']}, {'question_section_name': '学习效率', 'question_type': 1, 'question': '孩子目前是否参加过学科补习班？主要情况是？', 'answer': ['没有参加过补习班']}, {'question_section_name': '阅读能力', 'question_type': 1, 'question': '孩子平时会不会主动去读课外书？通常会选择哪些类型的书？', 'answer': ['偶尔在老师或家长推荐下阅读']}, {'question_section_name': '写作能力', 'question_type': 1, 'question': '用一句话来描述孩子的写作水平，更接近哪种？', 'answer': ['能写完整的记叙文/说明文，结构较清晰，有一定描写或观点。']}, {'question_section_name': '逻辑思维能力', 'question_type': 1, 'question': '孩子在玩推理游戏或遇到复杂问题时，会不会主动一步步分析并寻找解决办法？', 'answer': ['偶尔会尝试，但多半依赖别人']}, {'question_section_name': '表达与沟通能力', 'question_type': 1, 'question': '在课堂或和别人交流时，孩子会不会主动表达自己的看法？别人能不能听懂？', 'answer': ['偶尔会表达，部分人能听懂']}, {'question_section_name': '信息检索与整理能力', 'question_type': 1, 'question': '当遇到不懂的问题时，孩子会怎么找答案？找到后会不会整理学习资料？', 'answer': ['会用网络或 AI 工具查找，并简单整理']}]}
[2025-09-27 14:43:14,018] [324792] [INFO] - run_app.produe_open_question_ans (run_app.py:43) - input req:
[2025-09-27 14:43:14,019] [324792] [INFO] - run_app.produe_open_question_ans (run_app.py:46) - begin call model
[2025-09-27 14:43:52,741] [324792] [INFO] - run_app.produe_open_question_ans (run_app.py:43) - input req:
[2025-09-27 14:43:52,741] [324792] [INFO] - run_app.produe_open_question_ans (run_app.py:46) - begin call model
[2025-09-27 14:44:17,748] [324792] [INFO] - run_app.produe_open_question_ans (run_app.py:43) - input req:
[2025-09-27 14:44:17,749] [324792] [INFO] - run_app.produe_open_question_ans (run_app.py:46) - begin call model
[2025-09-27 14:44:37,681] [324792] [INFO] - run_app.produe_open_question_ans (run_app.py:43) - input req:
[2025-09-27 14:44:37,681] [324792] [INFO] - run_app.produe_open_question_ans (run_app.py:46) - begin call model
[2025-09-27 14:44:48,434] [324792] [INFO] - run_app.produe_open_question_ans (run_app.py:43) - input req:
[2025-09-27 14:44:48,434] [324792] [INFO] - run_app.produe_open_question_ans (run_app.py:46) - begin call model
[2025-09-27 14:45:09,535] [324792] [INFO] - run_app.produe_open_question_ans (run_app.py:43) - input req:
[2025-09-27 14:45:09,535] [324792] [INFO] - run_app.produe_open_question_ans (run_app.py:46) - begin call model
[2025-09-27 14:45:38,178] [324792] [INFO] - run_app.produe_open_question_ans (run_app.py:43) - input req:
[2025-09-27 14:45:38,178] [324792] [INFO] - run_app.produe_open_question_ans (run_app.py:46) - begin call model
[2025-09-27 14:45:59,833] [324792] [INFO] - run_app.produe_open_question_ans (run_app.py:43) - input req:
[2025-09-27 14:45:59,834] [324792] [INFO] - run_app.produe_open_question_ans (run_app.py:46) - begin call model
[2025-09-27 14:46:13,575] [324792] [INFO] - run_app.produe_open_question_ans (run_app.py:43) - input req:
[2025-09-27 14:46:13,575] [324792] [INFO] - run_app.produe_open_question_ans (run_app.py:46) - begin call model
[2025-09-27 14:46:35,153] [324792] [INFO] - run_app.produe_open_question_ans (run_app.py:43) - input req:
[2025-09-27 14:46:35,153] [324792] [INFO] - run_app.produe_open_question_ans (run_app.py:46) - begin call model
[2025-09-27 14:47:06,370] [324792] [INFO] - run_app.produe_open_question_ans (run_app.py:43) - input req:
[2025-09-27 14:47:06,370] [324792] [INFO] - run_app.produe_open_question_ans (run_app.py:46) - begin call model
[2025-09-27 14:47:15,109] [324792] [INFO] - run_app.produe_open_question_ans (run_app.py:43) - input req:
[2025-09-27 14:47:15,110] [324792] [INFO] - run_app.produe_open_question_ans (run_app.py:46) - begin call model
[2025-09-27 14:47:40,920] [324792] [INFO] - run_app.produe_open_question_ans (run_app.py:43) - input req:
[2025-09-27 14:47:40,920] [324792] [INFO] - run_app.produe_open_question_ans (run_app.py:46) - begin call model
[2025-09-27 14:48:11,131] [324792] [INFO] - run_app.produe_open_question_ans (run_app.py:43) - input req:
[2025-09-27 14:48:11,131] [324792] [INFO] - run_app.produe_open_question_ans (run_app.py:46) - begin call model
[2025-09-27 14:48:27,679] [324792] [INFO] - run_app.produe_open_question_ans (run_app.py:43) - input req:
[2025-09-27 14:48:27,679] [324792] [INFO] - run_app.produe_open_question_ans (run_app.py:46) - begin call model
[2025-09-27 14:48:37,263] [324792] [INFO] - run_app.produe_open_question_ans (run_app.py:43) - input req:
[2025-09-27 14:48:37,264] [324792] [INFO] - run_app.produe_open_question_ans (run_app.py:46) - begin call model
[2025-09-27 14:48:48,945] [324792] [INFO] - run_app.produe_open_question_ans (run_app.py:43) - input req:
[2025-09-27 14:48:48,945] [324792] [INFO] - run_app.produe_open_question_ans (run_app.py:46) - begin call model
[2025-09-27 14:48:53,914] [324792] [INFO] - run_app.produe_instant_profile (run_app.py:69) - instant_profile input req:{'student_info': {'name': '王泽一', 'gender': '女', 'school_type': '公立', 'current_grade': 'G8', 'city_location': '洛阳市', 'college_goal_path': ['美国本科', '中国大陆本科', '其他国际本科'], 'id': 'f8fc4d2b-9b6c-11f0-86aa-0242ac120003'}, 'eval_result': [{'question_section_name': '体育爱好与坚持', 'question_type': 1, 'question': '如果不好描述，请选择最接近的情况（可多选运动类型 + 坚持程度）：', 'answer': ['水上运动（游泳、划船、帆船等）']}, {'question_section_name': '计算能力', 'question_type': 1, 'question': '孩子在做数学题时，计算是否准确？学过的知识是否能灵活应用到生活里？', 'answer': ['偶尔出错，大部分能应用']}, {'question_section_name': '自我管理能力', 'question_type': 1, 'question': '孩子在每天学习和专注方面情况如何？时间管理和专注力表现怎样？会有厌学和沉迷游戏/短视频的情况吗？', 'answer': ['大多按计划，偶尔分心能调整，游戏和短时间时间每天1小时左右']}, {'question_section_name': '兴趣倾向与动机', 'question_type': 1, 'question': '如果要选一项孩子空闲时间最常做的事情，会是？', 'answer': ['练习艺术（绘画 / 乐器 / 唱歌 / 表演等）']}, {'question_section_name': '领导力与合作力', 'question_type': 1, 'question': '如果有一个机会，可以让孩子带领同学完成一件事，孩子最可能选择什么？', 'answer': ['组织一次公益活动或班级事务']}, {'question_section_name': '时间管理与偏好', 'question_type': 1, 'question': '如果要大致概括孩子周末的安排，以下哪几类最符合？（可多选）', 'answer': ['兴趣班（钢琴、舞蹈、美术、编程等）', '娱乐休闲（打游戏、刷手机、看电视、逛街等）']}, {'question_section_name': '角色偏好与行为特征', 'question_type': 1, 'question': '在班级里，孩子更像：', 'answer': ['喜欢当班干部、组织大家的人']}, {'question_section_name': '竞赛与活动偏好', 'question_type': 1, 'question': '如果有一场比赛，孩子更想：', 'answer': ['参加演讲/辩论/策划类活动']}, {'question_section_name': '问题解决与合作能力', 'question_type': 1, 'question': '孩子遇到问题时，更常见的做法是：', 'answer': ['找人商量，带大家一起解决']}, {'question_section_name': '兴趣领域与探索动力', 'question_type': 1, 'question': '孩子对哪类内容更感兴趣？', 'answer': ['艺术与人文类（绘画、写作、音乐、表演、文学历史）']}, {'question_section_name': '记忆力', 'question_type': 1, 'question': '孩子在学习新知识后，通常能记住多久？记得牢不牢？', 'answer': ['需要多复习几次，能记住大部分']}, {'question_section_name': '兴趣偏好与校园参与', 'question_type': 1, 'question': '如果学校有社团活动，你更愿意参加以下哪些？（最多选3个）', 'answer': ['艺术类（绘画、舞蹈、合唱、器乐）', '游戏兴趣类（棋类、电竞）', '科技类（机器人、编程、科学实验）']}, {'question_section_name': '体育训练与专业化发展', 'question_type': 1, 'question': '关于孩子的体育爱好情况，以下哪些符合？（可多选）', 'answer': ['有专业教练阶段性指导（偶尔培训/短期集训）']}, {'question_section_name': '艺术创作与投入度', 'question_type': 1, 'question': '关于孩子的艺术兴趣和坚持情况，以下哪些符合？', 'answer': [' 有阶段性训练（1–3 年，间断参与）']}, {'question_section_name': '艺术比赛与舞台经验', 'question_type': 1, 'question': '孩子是否经常参加艺术类展示或比赛？', 'answer': ['经常']}, {'question_section_name': '表达与表现欲', 'question_type': 1, 'question': '孩子是否喜欢通过文学/艺术/表演等方式表达思想或情感？', 'answer': ['比较喜欢']}, {'question_section_name': '教育期待', 'question_type': 1, 'question': '如果不好完整描述，请勾选最符合期待的方向（可选 2–4 项）', 'answer': ['参加竞赛 / 获得奖项']}, {'question_section_name': '亲子关系与陪伴', 'question_type': 1, 'question': '如果不好完整描述，请勾选最符合{SELF}家庭关系的情况', 'answer': ['一起娱乐/旅游', '遇事能沟通']}, {'question_section_name': '家庭期待', 'question_type': 1, 'question': '如果可以改变一件事，你更希望改变的是：', 'answer': ['孩子的兴趣与坚持（能长期坚持一项爱好/特长）']}, {'question_section_name': '家庭教育完整性', 'question_type': 1, 'question': '平时是谁主要陪伴孩子和参与孩子教育？', 'answer': ['祖辈或亲戚']}, {'question_section_name': '英语能力', 'question_type': 1, 'question': '孩子在阅读英文材料时，通常能理解到什么程度？', 'answer': ['能读250–400词文章，查少量生词也能明白大意，并读懂时间表/海报。']}, {'question_section_name': '冲突处理与人际互动', 'question_type': 1, 'question': '如果不方便完整描述，请快速勾选最符合孩子情况的选项（事件+处理+结果）', 'answer': ['处理方式：寻求老师/家长帮助', '矛盾原因：规则/纪律问题']}, {'question_section_name': '成就动机&自我效能感', 'question_type': 1, 'question': '你觉得这件事让孩子有成就感，主要是因为：', 'answer': ['成功完成了一件困难的事']}, {'question_section_name': '情绪调节与压力反应', 'question_type': 1, 'question': '当孩子在考试、比赛或测评中表现不理想时，通常会怎么做？', 'answer': ['复盘问题后再开始']}, {'question_section_name': '学习态度&校内表现', 'question_type': 1, 'question': '快速勾选符合孩子校内表现和学习态度的选项（选3–6个）', 'answer': ['偶尔走神', '偶尔举手', '经常分心']}, {'question_section_name': '学科兴趣&学术竞争力', 'question_type': 1, 'question': '如果不好完整描述，请快速勾选符合孩子的情况（学科 + 竞赛 + 奖项）', 'answer': ['英语', '数学', '科学/信息技术']}, {'question_section_name': '学科短板', 'question_type': 1, 'question': '如果不好完整描述，请快速勾选符合 孩子 的情况。', 'answer': ['数学', '化学', '科学/信息技术']}, {'question_section_name': '学科成绩与进步轨迹', 'question_type': 1, 'question': '孩子最近一次的学习成绩怎么样？（月考/期中/期末）', 'answer': ['偶尔会有B或C（80分左右/满分100）']}, {'question_section_name': '学科成绩表现', 'question_type': 1, 'question': '孩子平时成绩在班里排名区段', 'answer': ['中上']}, {'question_section_name': '学习闭环与复盘习惯', 'question_type': 1, 'question': '孩子平时会主动预习和复习吗？', 'answer': ['偶尔会主动']}, {'question_section_name': '自我认知与性格描述', 'question_type': 2, 'question': '如何描述孩子的性格？（三个优点/三个缺点）', 'answer': ['自信，开朗，大方\n没耐心，三分钟热度']}, {'question_section_name': '英语能力', 'question_type': 1, 'question': '孩子在日常英文交流中，一般能做到哪种程度？', 'answer': ['能完成功能性交流（打电话约时间、解释计划），能用过去时/将来时表达完整的句子。']}, {'question_section_name': '英语能力', 'question_type': 1, 'question': '孩子在英文写作和语法方面，通常能完成到什么水平？', 'answer': ['写120–180词结构清晰的短文/邮件（有开头—展开—结尾），能使用连词与基本时态。']}, {'question_section_name': '英语能力', 'question_type': 1, 'question': '孩子是否参加过以下英语考试？请选择最近一次且成绩最高的一项。', 'answer': ['KET Merit']}, {'question_section_name': '学习效率', 'question_type': 1, 'question': '孩子目前是否参加过学科补习班？主要情况是？', 'answer': ['长期参加 3 个及以上，涵盖校内+拓展']}, {'question_section_name': '阅读能力', 'question_type': 1, 'question': '孩子平时会不会主动去读课外书？通常会选择哪些类型的书？', 'answer': ['会主动读，但多是自己喜欢的书']}, {'question_section_name': '写作能力', 'question_type': 1, 'question': '用一句话来描述孩子的写作水平，更接近哪种？', 'answer': ['能完成规定题目的作文，条理基本清楚，但常依赖模板，细节少。']}, {'question_section_name': '逻辑思维能力', 'question_type': 1, 'question': '孩子在玩推理游戏或遇到复杂问题时，会不会主动一步步分析并寻找解决办法？', 'answer': ['有兴趣，会分析一些']}, {'question_section_name': '表达与沟通能力', 'question_type': 1, 'question': '在课堂或和别人交流时，孩子会不会主动表达自己的看法？别人能不能听懂？', 'answer': ['偶尔会表达，部分人能听懂']}, {'question_section_name': '信息检索与整理能力', 'question_type': 1, 'question': '当遇到不懂的问题时，孩子会怎么找答案？找到后会不会整理学习资料？', 'answer': ['会用网络或 AI 工具查找，并简单整理']}]}
[2025-09-27 14:49:12,144] [324792] [INFO] - compute_score.eng_level_classify (compute_score.py:169) - student school_type:公立
[2025-09-27 14:49:12,144] [324792] [INFO] - compute_score.eng_level_classify (compute_score.py:170) - student current grade:G8
[2025-09-27 14:49:12,147] [324792] [INFO] - run_app.produe_instant_profile (run_app.py:74) - f8fc4d2b-9b6c-11f0-86aa-0242ac120003-instant profile generate time:18.232731819152832
[2025-09-27 14:49:34,798] [324792] [INFO] - run_app.produe_swot (run_app.py:97) - f8fc4d2b-9b6c-11f0-86aa-0242ac120003-swot generate time:22.63831901550293
[2025-09-27 14:49:35,043] [324792] [INFO] - run_app.produe_growth_advice (run_app.py:119) - f8fc4d2b-9b6c-11f0-86aa-0242ac120003-rules generate time:0.23379254341125488
[2025-09-27 14:50:47,395] [324792] [INFO] - gen_report.get_report (gen_report.py:322) - plan generate time:38.283896684646606s
[2025-09-27 14:51:23,406] [324792] [INFO] - gen_report.get_report (gen_report.py:322) - plan generate time:36.00894498825073s
[2025-09-27 14:51:54,370] [324792] [INFO] - gen_report.get_report (gen_report.py:322) - plan generate time:30.962088584899902s
[2025-09-27 14:52:29,767] [324792] [INFO] - gen_report.get_report (gen_report.py:322) - plan generate time:35.39465856552124s
[2025-09-27 14:53:02,033] [324792] [INFO] - gen_report.get_report (gen_report.py:322) - plan generate time:32.26460313796997s
[2025-09-27 14:53:02,034] [324792] [INFO] - run_app.produe_growth_advice (run_app.py:127) - f8fc4d2b-9b6c-11f0-86aa-0242ac120003-report generate time:206.99133586883545
[2025-09-27 14:54:15,429] [324792] [INFO] - run_app.produe_open_question_ans (run_app.py:43) - input req:
[2025-09-27 14:54:15,430] [324792] [INFO] - run_app.produe_open_question_ans (run_app.py:46) - begin call model
[2025-09-27 14:55:32,994] [324792] [INFO] - run_app.produe_open_question_ans (run_app.py:43) - input req:
[2025-09-27 14:55:32,995] [324792] [INFO] - run_app.produe_open_question_ans (run_app.py:46) - begin call model
[2025-09-27 14:56:58,160] [324792] [INFO] - run_app.produe_open_question_ans (run_app.py:43) - input req:
[2025-09-27 14:56:58,160] [324792] [INFO] - run_app.produe_open_question_ans (run_app.py:46) - begin call model
