[2025-09-25 10:32:25,807] [303027] [INFO] - run_app.produe_growth_advice (run_app.py:118) - 全局唯一id-rules generate time:0.23410415649414062
[2025-09-25 10:33:31,946] [303027] [INFO] - gen_report.get_report (gen_report.py:322) - plan generate time:34.044599533081055s
[2025-09-25 10:33:31,947] [303027] [INFO] - run_app.produe_growth_advice (run_app.py:126) - 全局唯一id-report generate time:66.13944125175476
[2025-09-25 10:42:43,973] [303027] [INFO] - run_app.produe_growth_advice (run_app.py:118) - 全局唯一id-rules generate time:0.23636150360107422
[2025-09-25 10:43:45,220] [303027] [INFO] - gen_report.get_report (gen_report.py:322) - plan generate time:28.83497142791748s
[2025-09-25 10:44:10,463] [303027] [INFO] - gen_report.get_report (gen_report.py:322) - plan generate time:25.24129033088684s
[2025-09-25 10:44:42,101] [303027] [INFO] - gen_report.get_report (gen_report.py:322) - plan generate time:31.63614773750305s
[2025-09-25 10:45:17,876] [303027] [INFO] - gen_report.get_report (gen_report.py:322) - plan generate time:35.7731351852417s
[2025-09-25 10:45:17,877] [303027] [INFO] - run_app.produe_growth_advice (run_app.py:126) - 全局唯一id-report generate time:153.9039282798767
[2025-09-25 10:50:19,822] [303027] [INFO] - run_app.produe_growth_advice (run_app.py:118) - 全局唯一id-rules generate time:0.20448923110961914
[2025-09-25 10:51:15,056] [303027] [INFO] - gen_report.get_report (gen_report.py:322) - plan generate time:24.727414846420288s
[2025-09-25 10:51:45,029] [303027] [INFO] - gen_report.get_report (gen_report.py:322) - plan generate time:29.97089457511902s
[2025-09-25 10:52:14,915] [303027] [INFO] - gen_report.get_report (gen_report.py:322) - plan generate time:29.885014533996582s
[2025-09-25 10:52:42,125] [303027] [INFO] - gen_report.get_report (gen_report.py:322) - plan generate time:27.207283973693848s
[2025-09-25 10:53:17,225] [303027] [INFO] - gen_report.get_report (gen_report.py:322) - plan generate time:35.09836149215698s
[2025-09-25 10:53:32,016] [303027] [INFO] - run_app.produe_growth_advice (run_app.py:118) - 全局唯一id-rules generate time:0.24291682243347168
[2025-09-25 10:53:44,040] [303027] [INFO] - gen_report.get_report (gen_report.py:322) - plan generate time:26.8133385181427s
[2025-09-25 10:54:08,658] [303027] [INFO] - gen_report.get_report (gen_report.py:322) - plan generate time:24.616307258605957s
[2025-09-25 10:54:24,715] [303027] [INFO] - gen_report.get_report (gen_report.py:322) - plan generate time:27.91612935066223s
[2025-09-25 10:54:42,410] [303027] [INFO] - gen_report.get_report (gen_report.py:322) - plan generate time:33.75015068054199s
[2025-09-25 10:55:00,525] [303027] [INFO] - gen_report.get_report (gen_report.py:322) - plan generate time:35.80842995643616s
[2025-09-25 10:55:10,253] [303027] [INFO] - gen_report.get_report (gen_report.py:322) - plan generate time:27.841410160064697s
[2025-09-25 10:55:35,670] [303027] [INFO] - gen_report.get_report (gen_report.py:322) - plan generate time:35.14262390136719s
[2025-09-25 10:55:53,993] [303027] [INFO] - gen_report.get_report (gen_report.py:322) - plan generate time:43.73768138885498s
[2025-09-25 10:56:09,214] [303027] [INFO] - gen_report.get_report (gen_report.py:322) - plan generate time:33.5423002243042s
[2025-09-25 10:56:24,578] [303027] [INFO] - gen_report.get_report (gen_report.py:322) - plan generate time:30.582807064056396s
[2025-09-25 10:56:42,279] [303027] [INFO] - gen_report.get_report (gen_report.py:322) - plan generate time:33.06320762634277s
[2025-09-25 10:56:57,872] [303027] [INFO] - gen_report.get_report (gen_report.py:322) - plan generate time:33.292420387268066s
[2025-09-25 10:56:57,873] [303027] [INFO] - run_app.produe_growth_advice (run_app.py:126) - 全局唯一id-report generate time:398.05077838897705
[2025-09-25 10:57:12,455] [303027] [INFO] - gen_report.get_report (gen_report.py:322) - plan generate time:30.173778772354126s
[2025-09-25 10:57:45,000] [303027] [INFO] - gen_report.get_report (gen_report.py:322) - plan generate time:32.542927503585815s
[2025-09-25 10:57:45,001] [303027] [INFO] - run_app.produe_growth_advice (run_app.py:126) - 全局唯一id-report generate time:252.98420667648315
[2025-09-25 11:20:52,876] [303027] [INFO] - run_app.produe_instant_profile (run_app.py:73) - 6ab998e5-982a-11f0-86aa-0242ac120003-instant profile generate time:16.61046814918518
[2025-09-25 11:21:14,003] [303027] [INFO] - run_app.produe_swot (run_app.py:96) - 6ab998e5-982a-11f0-86aa-0242ac120003-swot generate time:21.10382843017578
[2025-09-25 11:21:14,259] [303027] [INFO] - run_app.produe_growth_advice (run_app.py:118) - 6ab998e5-982a-11f0-86aa-0242ac120003-rules generate time:0.23856711387634277
[2025-09-25 11:22:02,555] [303027] [INFO] - run_app.produe_instant_profile (run_app.py:73) - 2b1c1c92-9820-11f0-86aa-0242ac120003-instant profile generate time:16.747276067733765
[2025-09-25 11:22:04,750] [303027] [INFO] - gen_report.get_report (gen_report.py:322) - plan generate time:25.544669151306152s
[2025-09-25 11:22:31,367] [303027] [INFO] - gen_report.get_report (gen_report.py:322) - plan generate time:26.615349769592285s
[2025-09-25 11:22:53,515] [303027] [INFO] - gen_report.get_report (gen_report.py:322) - plan generate time:22.145443439483643s
[2025-09-25 11:23:14,165] [303027] [INFO] - gen_report.get_report (gen_report.py:322) - plan generate time:20.64883041381836s
[2025-09-25 11:23:37,060] [303027] [INFO] - gen_report.get_report (gen_report.py:322) - plan generate time:22.892972707748413s
[2025-09-25 11:24:07,574] [303027] [INFO] - gen_report.get_report (gen_report.py:322) - plan generate time:30.51203727722168s
[2025-09-25 11:24:46,916] [303027] [INFO] - gen_report.get_report (gen_report.py:322) - plan generate time:39.33913445472717s
[2025-09-25 11:25:22,932] [303027] [INFO] - gen_report.get_report (gen_report.py:322) - plan generate time:36.014331102371216s
[2025-09-25 11:26:00,558] [303027] [INFO] - gen_report.get_report (gen_report.py:322) - plan generate time:37.62355971336365s
[2025-09-25 11:26:31,982] [303027] [INFO] - gen_report.get_report (gen_report.py:322) - plan generate time:31.421927452087402s
[2025-09-25 11:27:08,256] [303027] [INFO] - gen_report.get_report (gen_report.py:322) - plan generate time:36.27238082885742s
[2025-09-25 11:27:45,291] [303027] [INFO] - gen_report.get_report (gen_report.py:322) - plan generate time:37.032881021499634s
[2025-09-25 11:27:45,292] [303027] [INFO] - run_app.produe_growth_advice (run_app.py:126) - 6ab998e5-982a-11f0-86aa-0242ac120003-report generate time:391.03255128860474
[2025-09-25 11:30:42,151] [303027] [INFO] - run_app.produe_growth_advice (run_app.py:118) - 全局唯一id-rules generate time:0.20383810997009277
[2025-09-25 11:31:39,959] [303027] [INFO] - gen_report.get_report (gen_report.py:322) - plan generate time:23.735058069229126s
[2025-09-25 11:31:39,960] [303027] [INFO] - run_app.produe_growth_advice (run_app.py:126) - 全局唯一id-report generate time:57.80792999267578
[2025-09-25 11:31:45,090] [303027] [INFO] - run_app.produe_growth_advice (run_app.py:118) - 2b1c1c92-9820-11f0-86aa-0242ac120003-rules generate time:0.2334585189819336
[2025-09-25 11:32:41,647] [303027] [INFO] - gen_report.get_report (gen_report.py:322) - plan generate time:28.753175973892212s
[2025-09-25 11:33:11,591] [303027] [INFO] - gen_report.get_report (gen_report.py:322) - plan generate time:29.942275762557983s
[2025-09-25 11:33:23,435] [303027] [INFO] - run_app.produe_growth_advice (run_app.py:118) - 全局唯一id-rules generate time:0.23647356033325195
[2025-09-25 11:33:39,833] [303027] [INFO] - gen_report.get_report (gen_report.py:322) - plan generate time:28.23962903022766s
[2025-09-25 11:34:05,741] [303027] [INFO] - gen_report.get_report (gen_report.py:322) - plan generate time:25.906216621398926s
[2025-09-25 11:34:27,690] [303027] [INFO] - gen_report.get_report (gen_report.py:322) - plan generate time:27.473324060440063s
[2025-09-25 11:34:27,691] [303027] [INFO] - run_app.produe_growth_advice (run_app.py:126) - 全局唯一id-report generate time:64.2562484741211
[2025-09-25 11:34:31,133] [303027] [INFO] - gen_report.get_report (gen_report.py:322) - plan generate time:25.390159368515015s
[2025-09-25 11:34:58,611] [303027] [INFO] - gen_report.get_report (gen_report.py:322) - plan generate time:27.47622275352478s
[2025-09-25 11:35:30,178] [303027] [INFO] - gen_report.get_report (gen_report.py:322) - plan generate time:31.565825700759888s
[2025-09-25 11:36:02,796] [303027] [INFO] - gen_report.get_report (gen_report.py:322) - plan generate time:32.61579465866089s
[2025-09-25 11:36:30,412] [303027] [INFO] - gen_report.get_report (gen_report.py:322) - plan generate time:27.613717555999756s
[2025-09-25 11:36:30,413] [303027] [INFO] - run_app.produe_growth_advice (run_app.py:126) - 2b1c1c92-9820-11f0-86aa-0242ac120003-report generate time:285.3219816684723
[2025-09-25 11:38:56,662] [303027] [INFO] - run_app.produe_growth_advice (run_app.py:118) - 全局唯一id-rules generate time:0.2337191104888916
[2025-09-25 11:39:47,413] [303027] [INFO] - gen_report.get_report (gen_report.py:322) - plan generate time:29.955640077590942s
[2025-09-25 11:39:47,414] [303027] [INFO] - run_app.produe_growth_advice (run_app.py:126) - 全局唯一id-report generate time:50.75162625312805
[2025-09-25 16:09:56,123] [303027] [INFO] - run_app.produe_open_question_ans (run_app.py:43) - input req:
[2025-09-25 16:09:56,124] [303027] [INFO] - run_app.produe_open_question_ans (run_app.py:46) - begin call model
[2025-09-25 16:10:36,790] [303027] [INFO] - run_app.produe_open_question_ans (run_app.py:43) - input req:
[2025-09-25 16:10:36,790] [303027] [INFO] - run_app.produe_open_question_ans (run_app.py:46) - begin call model
[2025-09-25 16:11:20,068] [303027] [INFO] - run_app.produe_open_question_ans (run_app.py:43) - input req:
[2025-09-25 16:11:20,069] [303027] [INFO] - run_app.produe_open_question_ans (run_app.py:46) - begin call model
[2025-09-25 16:11:28,751] [303027] [INFO] - run_app.produe_open_question_ans (run_app.py:43) - input req:
[2025-09-25 16:11:28,752] [303027] [INFO] - run_app.produe_open_question_ans (run_app.py:46) - begin call model
[2025-09-25 16:12:45,897] [303027] [INFO] - run_app.produe_open_question_ans (run_app.py:43) - input req:
[2025-09-25 16:12:45,897] [303027] [INFO] - run_app.produe_open_question_ans (run_app.py:46) - begin call model
[2025-09-25 16:13:34,005] [303027] [INFO] - run_app.produe_open_question_ans (run_app.py:43) - input req:
[2025-09-25 16:13:34,006] [303027] [INFO] - run_app.produe_open_question_ans (run_app.py:46) - begin call model
[2025-09-25 16:18:45,594] [303027] [INFO] - run_app.produe_open_question_ans (run_app.py:43) - input req:
[2025-09-25 16:18:45,595] [303027] [INFO] - run_app.produe_open_question_ans (run_app.py:46) - begin call model
[2025-09-25 16:20:32,912] [303027] [INFO] - run_app.produe_open_question_ans (run_app.py:43) - input req:
[2025-09-25 16:20:32,913] [303027] [INFO] - run_app.produe_open_question_ans (run_app.py:46) - begin call model
[2025-09-25 16:21:23,909] [303027] [INFO] - run_app.produe_open_question_ans (run_app.py:43) - input req:
[2025-09-25 16:21:23,910] [303027] [INFO] - run_app.produe_open_question_ans (run_app.py:46) - begin call model
[2025-09-25 16:22:13,103] [303027] [INFO] - run_app.produe_open_question_ans (run_app.py:43) - input req:
[2025-09-25 16:22:13,104] [303027] [INFO] - run_app.produe_open_question_ans (run_app.py:46) - begin call model
[2025-09-25 16:23:13,483] [303027] [INFO] - run_app.produe_open_question_ans (run_app.py:43) - input req:
[2025-09-25 16:23:13,483] [303027] [INFO] - run_app.produe_open_question_ans (run_app.py:46) - begin call model
[2025-09-25 16:24:18,122] [303027] [INFO] - run_app.produe_open_question_ans (run_app.py:43) - input req:
[2025-09-25 16:24:18,123] [303027] [INFO] - run_app.produe_open_question_ans (run_app.py:46) - begin call model
[2025-09-25 16:25:11,452] [303027] [INFO] - run_app.produe_open_question_ans (run_app.py:43) - input req:
[2025-09-25 16:25:11,453] [303027] [INFO] - run_app.produe_open_question_ans (run_app.py:46) - begin call model
[2025-09-25 16:26:22,613] [303027] [INFO] - run_app.produe_open_question_ans (run_app.py:43) - input req:
[2025-09-25 16:26:22,614] [303027] [INFO] - run_app.produe_open_question_ans (run_app.py:46) - begin call model
[2025-09-25 16:28:27,840] [303027] [INFO] - run_app.produe_open_question_ans (run_app.py:43) - input req:
[2025-09-25 16:28:27,840] [303027] [INFO] - run_app.produe_open_question_ans (run_app.py:46) - begin call model
[2025-09-25 16:29:20,682] [303027] [INFO] - run_app.produe_open_question_ans (run_app.py:43) - input req:
[2025-09-25 16:29:20,683] [303027] [INFO] - run_app.produe_open_question_ans (run_app.py:46) - begin call model
[2025-09-25 16:30:03,901] [303027] [INFO] - run_app.produe_open_question_ans (run_app.py:43) - input req:
[2025-09-25 16:30:03,902] [303027] [INFO] - run_app.produe_open_question_ans (run_app.py:46) - begin call model
[2025-09-25 16:31:46,538] [303027] [INFO] - run_app.produe_open_question_ans (run_app.py:43) - input req:
[2025-09-25 16:31:46,538] [303027] [INFO] - run_app.produe_open_question_ans (run_app.py:46) - begin call model
[2025-09-25 16:32:17,637] [303027] [INFO] - run_app.produe_open_question_ans (run_app.py:43) - input req:
[2025-09-25 16:32:17,638] [303027] [INFO] - run_app.produe_open_question_ans (run_app.py:46) - begin call model
[2025-09-25 16:33:04,037] [303027] [INFO] - run_app.produe_open_question_ans (run_app.py:43) - input req:
[2025-09-25 16:33:04,038] [303027] [INFO] - run_app.produe_open_question_ans (run_app.py:46) - begin call model
[2025-09-25 16:33:11,529] [303027] [INFO] - run_app.produe_open_question_ans (run_app.py:43) - input req:
[2025-09-25 16:33:11,529] [303027] [INFO] - run_app.produe_open_question_ans (run_app.py:46) - begin call model
[2025-09-25 16:33:34,907] [303027] [INFO] - run_app.produe_instant_profile (run_app.py:73) - 0b1da442-99be-11f0-86aa-0242ac120003-instant profile generate time:14.579721212387085
[2025-09-25 16:33:40,943] [303027] [INFO] - run_app.produe_growth_advice (run_app.py:118) - 0b1da442-99be-11f0-86aa-0242ac120003-rules generate time:0.23314595222473145
[2025-09-25 16:34:31,173] [303027] [INFO] - gen_report.get_report (gen_report.py:322) - plan generate time:21.02986192703247s
[2025-09-25 16:34:31,174] [303027] [INFO] - run_app.produe_growth_advice (run_app.py:126) - 0b1da442-99be-11f0-86aa-0242ac120003-report generate time:50.23018455505371
[2025-09-25 16:46:48,446] [303027] [INFO] - run_app.produe_open_question_ans (run_app.py:43) - input req:
[2025-09-25 16:46:48,447] [303027] [INFO] - run_app.produe_open_question_ans (run_app.py:46) - begin call model
[2025-09-25 16:47:36,290] [303027] [INFO] - run_app.produe_open_question_ans (run_app.py:43) - input req:
[2025-09-25 16:47:36,290] [303027] [INFO] - run_app.produe_open_question_ans (run_app.py:46) - begin call model
[2025-09-25 16:47:48,119] [303027] [INFO] - run_app.produe_open_question_ans (run_app.py:43) - input req:
[2025-09-25 16:47:48,119] [303027] [INFO] - run_app.produe_open_question_ans (run_app.py:46) - begin call model
[2025-09-25 16:48:20,886] [303027] [INFO] - run_app.produe_open_question_ans (run_app.py:43) - input req:
[2025-09-25 16:48:20,886] [303027] [INFO] - run_app.produe_open_question_ans (run_app.py:46) - begin call model
[2025-09-25 16:49:04,464] [303027] [INFO] - run_app.produe_open_question_ans (run_app.py:43) - input req:
[2025-09-25 16:49:04,465] [303027] [INFO] - run_app.produe_open_question_ans (run_app.py:46) - begin call model
[2025-09-25 16:49:34,581] [303027] [INFO] - run_app.produe_open_question_ans (run_app.py:43) - input req:
[2025-09-25 16:49:34,582] [303027] [INFO] - run_app.produe_open_question_ans (run_app.py:46) - begin call model
[2025-09-25 16:51:00,812] [303027] [INFO] - run_app.produe_open_question_ans (run_app.py:43) - input req:
[2025-09-25 16:51:00,812] [303027] [INFO] - run_app.produe_open_question_ans (run_app.py:46) - begin call model
[2025-09-25 17:05:26,493] [303027] [INFO] - run_app.produe_open_question_ans (run_app.py:43) - input req:
[2025-09-25 17:05:26,493] [303027] [INFO] - run_app.produe_open_question_ans (run_app.py:46) - begin call model
[2025-09-25 17:06:41,066] [303027] [INFO] - run_app.produe_open_question_ans (run_app.py:43) - input req:
[2025-09-25 17:06:41,067] [303027] [INFO] - run_app.produe_open_question_ans (run_app.py:46) - begin call model
[2025-09-25 17:07:15,156] [303027] [INFO] - run_app.produe_open_question_ans (run_app.py:43) - input req:
[2025-09-25 17:07:15,156] [303027] [INFO] - run_app.produe_open_question_ans (run_app.py:46) - begin call model
[2025-09-25 17:10:14,340] [303027] [INFO] - run_app.produe_open_question_ans (run_app.py:43) - input req:
[2025-09-25 17:10:14,341] [303027] [INFO] - run_app.produe_open_question_ans (run_app.py:46) - begin call model
[2025-09-25 17:10:52,136] [303027] [INFO] - run_app.produe_open_question_ans (run_app.py:43) - input req:
[2025-09-25 17:10:52,137] [303027] [INFO] - run_app.produe_open_question_ans (run_app.py:46) - begin call model
[2025-09-25 17:11:24,482] [303027] [INFO] - run_app.produe_open_question_ans (run_app.py:43) - input req:
[2025-09-25 17:11:24,483] [303027] [INFO] - run_app.produe_open_question_ans (run_app.py:46) - begin call model
[2025-09-25 17:12:11,401] [303027] [INFO] - run_app.produe_open_question_ans (run_app.py:43) - input req:
[2025-09-25 17:12:11,401] [303027] [INFO] - run_app.produe_open_question_ans (run_app.py:46) - begin call model
[2025-09-25 17:13:49,017] [303027] [INFO] - run_app.produe_open_question_ans (run_app.py:43) - input req:
[2025-09-25 17:13:49,018] [303027] [INFO] - run_app.produe_open_question_ans (run_app.py:46) - begin call model
[2025-09-25 17:15:06,625] [303027] [INFO] - run_app.produe_open_question_ans (run_app.py:43) - input req:
[2025-09-25 17:15:06,625] [303027] [INFO] - run_app.produe_open_question_ans (run_app.py:46) - begin call model
[2025-09-25 17:15:29,693] [303027] [INFO] - run_app.produe_open_question_ans (run_app.py:43) - input req:
[2025-09-25 17:15:29,693] [303027] [INFO] - run_app.produe_open_question_ans (run_app.py:46) - begin call model
[2025-09-25 17:15:50,183] [303027] [INFO] - run_app.produe_open_question_ans (run_app.py:43) - input req:
[2025-09-25 17:15:50,183] [303027] [INFO] - run_app.produe_open_question_ans (run_app.py:46) - begin call model
[2025-09-25 17:16:18,545] [303027] [INFO] - run_app.produe_instant_profile (run_app.py:73) - 1d8a18f7-99eb-11f0-86aa-0242ac120003-instant profile generate time:15.274508953094482
[2025-09-25 17:53:54,518] [303027] [INFO] - run_app.produe_growth_advice (run_app.py:118) - 1d8a18f7-99eb-11f0-86aa-0242ac120003-rules generate time:0.23595833778381348
[2025-09-25 17:54:50,242] [303027] [INFO] - gen_report.get_report (gen_report.py:322) - plan generate time:28.745652198791504s
[2025-09-25 17:54:50,243] [303027] [INFO] - run_app.produe_growth_advice (run_app.py:126) - 1d8a18f7-99eb-11f0-86aa-0242ac120003-report generate time:55.72474503517151
